### ISSUE TITLE
SIGSEGV/SIGABRT on heap corruption possibly by CLR

### ISSUE THREAD

**Issue by aviviadi** [dotnet/coreclr#20414]
Crash reproduced on dotnet 2.1.4 / sdk 2.1.402, Ubuntu 16.04 64Bit (doesn't reproduced on Windows).

Attached a solution reproducing fatal heap corruption very quickly on dotnet runtime 2.1.4 (happened also in 2.1.5 with more test iterations) : [ReproCrash](https://github.com/aviviadi/ReproCrash)

We've checked we do not exceed read/write from allocated memory regions.

Also attached repeated failing runs, and lldb eestack output + register read / disassemble:

```
cesar@cesar-pc:~/RiderProjects/Repro$ ~/Downloads/dotnet/dotnet run -c Release
Sparrow/Json/BlittableJsonDocumentBuilder.cs(235,33): warning CS0219: The variable 'arrayToken' is assigned but its value is never used [/home/cesar/RiderProjects/Repro/Repro.csproj]
Sparrow/Json/BlittableJsonDocumentBuilder.cs(388,17): warning CS0219: The variable 'start' is assigned but its value is never used [/home/cesar/RiderProjects/Repro/Repro.csproj]
Sparrow/Json/BlittableWriter.cs(18,21): warning CS0169: The field 'BlittableWriter<TWriter>._lastSize' is never used [/home/cesar/RiderProjects/Repro/Repro.csproj]
Sparrow/Json/JsonOperationContext.cs(113,26): warning CS0649: Field 'JsonOperationContext.BufferSegment.Ptr' is never assigned to, and will always have its default value [/home/cesar/RiderProjects/Repro/Repro.csproj]
Sparrow/Json/JsonOperationContext.cs(111,24): warning CS0649: Field 'JsonOperationContext.BufferSegment.Offset' is never assigned to, and will always have its default value 0 [/home/cesar/RiderProjects/Repro/Repro.csproj]
Sparrow/Json/JsonOperationContext.cs(112,24): warning CS0649: Field 'JsonOperationContext.BufferSegment.Count' is never assigned to, and will always have its default value 0 [/home/cesar/RiderProjects/Repro/Repro.csproj]
Sparrow/Json/JsonOperationContext.cs(110,27): warning CS0649: Field 'JsonOperationContext.BufferSegment.Array' is never assigned to, and will always have its default value null [/home/cesar/RiderProjects/Repro/Repro.csproj]
Starting...
************ 0 ***********
************ 1 ***********
************ 2 ***********
************ 3 ***********
************ 4 ***********
************ 5 ***********
************ 6 ***********
************ 7 ***********

Unhandled Exception: System.AggregateException: One or more errors occurred. (Object reference not set to an instance of an object.) ---> System.NullReferenceException: Object reference not set to an instance of an object.
   at Sparrow.Json.BlittableJsonDocumentBuilder.ReadInternal[TWriteStrategy]() in /home/cesar/RiderProjects/Repro/Sparrow/Json/BlittableJsonDocumentBuilder.cs:line 279
   at Repro.Program.ReadJson(UnmanagedJsonParser parser, MemoryStream stream, JsonParserState state, JsonOperationContext sssssssss) in /home/cesar/RiderProjects/Repro/Program.cs:line 150
   at Repro.Program.ParseFile(Byte[] filebytes1) in /home/cesar/RiderProjects/Repro/Program.cs:line 104
   at Repro.Program.<>c.<Main>b__0_0(Int32 a) in /home/cesar/RiderProjects/Repro/Program.cs:line 28
   at System.Threading.Tasks.Parallel.<>c__DisplayClass19_0`1.<ForWorker>b__1(RangeWorker& currentWorker, Int32 timeout, Boolean& replicationDelegateYieldedBeforeCompletion)
--- End of stack trace from previous location where exception was thrown ---
   at System.Threading.Tasks.Parallel.<>c__DisplayClass19_0`1.<ForWorker>b__1(RangeWorker& currentWorker, Int32 timeout, Boolean& replicationDelegateYieldedBeforeCompletion)
   at System.Threading.Tasks.TaskReplicator.Replica`1.ExecuteAction(Boolean& yieldedBeforeCompletion)
   at System.Threading.Tasks.TaskReplicator.Replica.Execute()
   --- End of inner exception stack trace ---
   at System.Threading.Tasks.TaskReplicator.Run[TState](ReplicatableUserAction`1 action, ParallelOptions options, Boolean stopOnFirstFailure)
   at System.Threading.Tasks.Parallel.ForWorker[TLocal](Int32 fromInclusive, Int32 toExclusive, ParallelOptions parallelOptions, Action`1 body, Action`2 bodyWithState, Func`4 bodyWithLocal, Func`1 localInit, Action`1 localFinally)
--- End of stack trace from previous location where exception was thrown ---
   at System.Threading.Tasks.Parallel.ThrowSingleCancellationExceptionOrOtherException(ICollection exceptions, CancellationToken cancelToken, Exception otherException)
   at System.Threading.Tasks.Parallel.ForWorker[TLocal](Int32 fromInclusive, Int32 toExclusive, ParallelOptions parallelOptions, Action`1 body, Action`2 bodyWithState, Func`4 bodyWithLocal, Func`1 localInit, Action`1 localFinally)
   at System.Threading.Tasks.Parallel.For(Int32 fromInclusive, Int32 toExclusive, Action`1 body)
   at Repro.Program.Main() in /home/cesar/RiderProjects/Repro/Program.cs:line 21
cesar@cesar-pc:~/RiderProjects/Repro$ ~/Downloads/dotnet/dotnet run -c Release
Starting...
************ 0 ***********
cesar@cesar-pc:~/RiderProjects/Repro$ echo $?
139
cesar@cesar-pc:~/RiderProjects/Repro$ ~/Downloads/dotnet/dotnet run -c Release
Starting...
************ 0 ***********
cesar@cesar-pc:~/RiderProjects/Repro$ echo $?
139
cesar@cesar-pc:~/RiderProjects/Repro$ ~/Downloads/dotnet/dotnet run -c Release
Starting...
************ 0 ***********
************ 1 ***********
************ 2 ***********
************ 3 ***********
************ 4 ***********

Unhandled Exception: System.AggregateException: One or more errors occurred. (Expected property, but got StartObject (188381,18)) ---> System.IO.InvalidDataException: Expected property, but got StartObject (188381,18)
   at Sparrow.Json.BlittableJsonDocumentBuilder.ThrowExpectedProperty() in /home/cesar/RiderProjects/Repro/Sparrow/Json/BlittableJsonDocumentBuilder.cs:line 326
   at Sparrow.Json.BlittableJsonDocumentBuilder.ReadInternal[TWriteStrategy]() in /home/cesar/RiderProjects/Repro/Sparrow/Json/BlittableJsonDocumentBuilder.cs:line 296
   at Repro.Program.ReadJson(UnmanagedJsonParser parser, MemoryStream stream, JsonParserState state, JsonOperationContext sssssssss) in /home/cesar/RiderProjects/Repro/Program.cs:line 150
   at Repro.Program.ParseFile(Byte[] filebytes1) in /home/cesar/RiderProjects/Repro/Program.cs:line 106
   at Repro.Program.<>c.<Main>b__0_0(Int32 a) in /home/cesar/RiderProjects/Repro/Program.cs:line 26
   at System.Threading.Tasks.Parallel.<>c__DisplayClass19_0`1.<ForWorker>b__1(RangeWorker& currentWorker, Int32 timeout, Boolean& replicationDelegateYieldedBeforeCompletion)
--- End of stack trace from previous location where exception was thrown ---
   at System.Threading.Tasks.Parallel.<>c__DisplayClass19_0`1.<ForWorker>b__1(RangeWorker& currentWorker, Int32 timeout, Boolean& replicationDelegateYieldedBeforeCompletion)
   at System.Threading.Tasks.TaskReplicator.Replica`1.ExecuteAction(Boolean& yieldedBeforeCompletion)
   at System.Threading.Tasks.TaskReplicator.Replica.Execute()
   --- End of inner exception stack trace ---
   at System.Threading.Tasks.TaskReplicator.Run[TState](ReplicatableUserAction`1 action, ParallelOptions options, Boolean stopOnFirstFailure)
   at System.Threading.Tasks.Parallel.ForWorker[TLocal](Int32 fromInclusive, Int32 toExclusive, ParallelOptions parallelOptions, Action`1 body, Action`2 bodyWithState, Func`4 bodyWithLocal, Func`1 localInit, Action`1 localFinally)
--- End of stack trace from previous location where exception was thrown ---
   at System.Threading.Tasks.Parallel.ThrowSingleCancellationExceptionOrOtherException(ICollection exceptions, CancellationToken cancelToken, Exception otherException)
   at System.Threading.Tasks.Parallel.ForWorker[TLocal](Int32 fromInclusive, Int32 toExclusive, ParallelOptions parallelOptions, Action`1 body, Action`2 bodyWithState, Func`4 bodyWithLocal, Func`1 localInit, Action`1 localFinally)
   at System.Threading.Tasks.Parallel.For(Int32 fromInclusive, Int32 toExclusive, Action`1 body)
   at Repro.Program.Main() in /home/cesar/RiderProjects/Repro/Program.cs:line 21
cesar@cesar-pc:~/RiderProjects/Repro$ echo $?
134
```

lldb
-----
```
cesar@cesar-pc:~/Sources/coreclr/bin/Product/Linux.x64.Debug$ sudo lldb-3.9 -o "plugin load libsosplugin.so" -o "process launch -s" -o "continue" /home/cesar/RiderProjects/Repro/bin/Release/netcoreapp2.1/linux-x64/publish/Repro
(lldb) target create "/home/cesar/RiderProjects/Repro/bin/Release/netcoreapp2.1/linux-x64/publish/Repro"
Current executable set to '/home/cesar/RiderProjects/Repro/bin/Release/netcoreapp2.1/linux-x64/publish/Repro' (x86_64).
(lldb) plugin load libsosplugin.so
(lldb) process launch -s
Process 29009 launched: '/home/cesar/RiderProjects/Repro/bin/Release/netcoreapp2.1/linux-x64/publish/Repro' (x86_64)
(lldb) continue
Starting...
************ 0 ***********
************ 1 ***********
************ 2 ***********
************ 3 ***********
************ 4 ***********
************ 5 ***********
************ 6 ***********

Unhandled Exception: System.AggregateException: One or more errors occurred. (Expected property, but got StartObject (126534,18)) ---> System.IO.InvalidDataException: Expected property, but got StartObject (126534,18)
   at Sparrow.Json.BlittableJsonDocumentBuilder.ThrowExpectedProperty() in /home/cesar/RiderProjects/Repro/Sparrow/Json/BlittableJsonDocumentBuilder.cs:line 326
   at Sparrow.Json.BlittableJsonDocumentBuilder.ReadInternal[TWriteStrategy]() in /home/cesar/RiderProjects/Repro/Sparrow/Json/BlittableJsonDocumentBuilder.cs:line 296
   at Repro.Program.ReadJson(UnmanagedJsonParser parser, MemoryStream stream, JsonParserState state, JsonOperationContext sssssssss) in /home/cesar/RiderProjects/Repro/Program.cs:line 150
   at Repro.Program.ParseFile(Byte[] filebytes1) in /home/cesar/RiderProjects/Repro/Program.cs:line 106
   at Repro.Program.<>c.<Main>b__0_0(Int32 a) in /home/cesar/RiderProjects/Repro/Program.cs:line 26
   at System.Threading.Tasks.Parallel.<>c__DisplayClass19_0`1.<ForWorker>b__1(RangeWorker& currentWorker, Int32 timeout, Boolean& replicationDelegateYieldedBeforeCompletion)
--- End of stack trace from previous location where exception was thrown ---
   at System.Threading.Tasks.Parallel.<>c__DisplayClass19_0`1.<ForWorker>b__1(RangeWorker& currentWorker, Int32 timeout, Boolean& replicationDelegateYieldedBeforeCompletion)
   at System.Threading.Tasks.TaskReplicator.Replica`1.ExecuteAction(Boolean& yieldedBeforeCompletion)
   at System.Threading.Tasks.TaskReplicator.Replica.Execute()
   --- End of inner exception stack trace ---
   at System.Threading.Tasks.TaskReplicator.Run[TState](ReplicatableUserAction`1 action, ParallelOptions options, Boolean stopOnFirstFailure)
   at System.Threading.Tasks.Parallel.ForWorker[TLocal](Int32 fromInclusive, Int32 toExclusive, ParallelOptions parallelOptions, Action`1 body, Action`2 bodyWithState, Func`4 bodyWithLocal, Func`1 localInit, Action`1 localFinally)
--- End of stack trace from previous location where exception was thrown ---
   at System.Threading.Tasks.Parallel.ThrowSingleCancellationExceptionOrOtherException(ICollection exceptions, CancellationToken cancelToken, Exception otherException)
   at System.Threading.Tasks.Parallel.ForWorker[TLocal](Int32 fromInclusive, Int32 toExclusive, ParallelOptions parallelOptions, Action`1 body, Action`2 bodyWithState, Func`4 bodyWithLocal, Func`1 localInit, Action`1 localFinally)
   at System.Threading.Tasks.Parallel.For(Int32 fromInclusive, Int32 toExclusive, Action`1 body)
   at Repro.Program.Main() in /home/cesar/RiderProjects/Repro/Program.cs:line 21
Process 29009 resuming
Process 29009 stopped
* thread #1: tid = 29009, 0x00007ffff6d80428 libc.so.6`__GI_raise(sig=6) + 56 at raise.c:54, name = 'Repro', stop reason = signal SIGABRT
    frame #0: 0x00007ffff6d80428 libc.so.6`__GI_raise(sig=6) + 56 at raise.c:54

(lldb) sos Threads
ThreadCount:      12
UnstartedThread:  0
BackgroundThread: 11
PendingThread:    0
DeadThread:       0
Hosted Runtime:   no
                                                                                                        Lock  
       ID OSID ThreadOBJ           State GC Mode     GC Alloc Context                  Domain           Count Apt Exception
   1    1 7151 00000000006B5AF0    20020 Preemptive  00007FFF5BA05990:00007FFF5BA06BB8 0000000000699120 0     Ukn System.AggregateException 00007fff5b9eabd0 (nested exceptions)
   7    2 7159 00000000006D9310    21220 Preemptive  0000000000000000:0000000000000000 0000000000699120 0     Ukn (Finalizer) 
   9    3 715c 000000000072D4D0  1021220 Preemptive  0000000000000000:0000000000000000 0000000000699120 0     Ukn (Threadpool Worker) 
  11    4 715e 00007FFF50001290  1021220 Preemptive  00007FFF5B9E98A0:00007FFF5B9EABB8 0000000000699120 0     Ukn (Threadpool Worker) 
  12    5 715f 00007FFF50003080  1021220 Preemptive  0000000000000000:0000000000000000 0000000000699120 0     Ukn (Threadpool Worker) 
  13    6 7160 00007FFF4C001290  1021220 Preemptive  0000000000000000:0000000000000000 0000000000699120 0     Ukn (Threadpool Worker) 
  14    7 7161 00007FFF44001290  1021220 Preemptive  0000000000000000:0000000000000000 0000000000699120 0     Ukn (Threadpool Worker) 
  15    8 7162 00007FFF38001290  1021220 Preemptive  0000000000000000:0000000000000000 0000000000699120 0     Ukn (Threadpool Worker) 
  16    9 7163 00007FFF400012E0  1021220 Preemptive  0000000000000000:0000000000000000 0000000000699120 0     Ukn (Threadpool Worker) 
   8   10 7164 00007FFF3C001290  1021220 Preemptive  0000000000000000:0000000000000000 0000000000699120 0     Ukn (Threadpool Worker) 
  17   11 7165 00007FFF3C003390    21220 Preemptive  0000000000000000:0000000000000000 0000000000699120 0     Ukn 
  18   12 7166 00007FFF4000C120  1021220 Preemptive  00007FFF5B944E40:00007FFF5B946AF8 0000000000699120 0     Ukn (Threadpool Worker) 
(lldb) eestack
---------------------------------------------
Thread   1
TEB information is not available so a stack size of 0xFFFF is assumed
Current frame: libc.so.6!__GI_raise + 0x38 [/build/glibc-Cl5G7W/glibc-2.23/signal/../sysdeps/unix/sysv/linux/raise.c:54]
Child-SP         RetAddr          Caller, Callee
00007FFFFFFFA2E0 00007ffff6d8202a libc.so.6!__GI_abort + 0x16a [/build/glibc-Cl5G7W/glibc-2.23/stdlib/abort.c:91], calling libc.so.6!__GI_raise [/build/glibc-Cl5G7W/glibc-2.23/signal/../sysdeps/unix/sysv/linux/raise.c:30]
00007FFFFFFFA410 00007ffff64bdd73 libcoreclr.so + 0xffffffff, calling libcoreclr.so!abort
00007FFFFFFFA420 00007ffff64bcbdb libcoreclr.so + 0xffffffff, calling libcoreclr.so!PROCAbort
00007FFFFFFFA450 00007ffff622c668 libcoreclr.so!UnwindManagedExceptionPass1(PAL_SEHException&, _CONTEXT*) + 0x2f8, calling libcoreclr.so!TerminateProcess
00007FFFFFFFA4A0 00007ffff7124f83 libgcc_s.so.1!___lldb_unnamed_symbol16$$libgcc_s.so.1 + 0x43
00007FFFFFFFA528 00007ffff61a90b0 libcoreclr.so!IL_Throw(Object*) + 0x1a0, calling libcoreclr.so!RaiseTheExceptionInternalOnly(Object*, int, int)
00007FFFFFFFA550 00007fff7cb38acf (MethodDesc 00007fff7c63e750 + 0x1f System.Runtime.ExceptionServices.ExceptionDispatchInfo.Throw()), calling libcoreclr.so!IL_Throw(Object*)
00007FFFFFFFA7E0 00007ffff61a9123 libcoreclr.so!IL_Throw(Object*) + 0x213, calling libcoreclr.so!__clang_call_terminate
00007FFFFFFFA880 00007ffff61a90b0 libcoreclr.so!IL_Throw(Object*) + 0x1a0, calling libcoreclr.so!RaiseTheExceptionInternalOnly(Object*, int, int)
00007FFFFFFFA900 00007ffff6dcf53c libc.so.6!__GI___libc_free + 0x4c [/build/glibc-Cl5G7W/glibc-2.23/malloc/malloc.c:2969], calling libc.so.6!_int_free [/build/glibc-Cl5G7W/glibc-2.23/malloc/malloc.c:3841]
00007FFFFFFFA928 00007fff7d0518e7 (MethodDesc 00007fff7c3e5b30 + 0xe7 Repro.Program.Main()), calling (MethodDesc 00007fff7c3e8000 + 0 System.Threading.Tasks.Parallel.For(Int32, Int32, System.Action`1<Int32>))
00007FFFFFFFA968 00007fff7d0518e7 (MethodDesc 00007fff7c3e5b30 + 0xe7 Repro.Program.Main()), calling (MethodDesc 00007fff7c3e8000 + 0 System.Threading.Tasks.Parallel.For(Int32, Int32, System.Action`1<Int32>))
00007FFFFFFFA9F0 00007ffff622c7e3 libcoreclr.so!DispatchManagedException(PAL_SEHException&, bool) + 0x113, calling libcoreclr.so!UnwindManagedExceptionPass1(PAL_SEHException&, _CONTEXT*)
00007FFFFFFFAA40 00007ffff7124f83 libgcc_s.so.1!___lldb_unnamed_symbol16$$libgcc_s.so.1 + 0x43
00007FFFFFFFAAC8 00007ffff61a90b0 libcoreclr.so!IL_Throw(Object*) + 0x1a0, calling libcoreclr.so!RaiseTheExceptionInternalOnly(Object*, int, int)
00007FFFFFFFAD80 00007ffff61a9123 libcoreclr.so!IL_Throw(Object*) + 0x213, calling libcoreclr.so!__clang_call_terminate
00007FFFFFFFAE20 00007ffff61a90b0 libcoreclr.so!IL_Throw(Object*) + 0x1a0, calling libcoreclr.so!RaiseTheExceptionInternalOnly(Object*, int, int)
00007FFFFFFFAEA0 00007ffff6dcf53c libc.so.6!__GI___libc_free + 0x4c [/build/glibc-Cl5G7W/glibc-2.23/malloc/malloc.c:2969], calling libc.so.6!_int_free [/build/glibc-Cl5G7W/glibc-2.23/malloc/malloc.c:3841]
00007FFFFFFFAEF0 00007ffff61a91da libcoreclr.so!IL_Throw(Object*) + 0x2ca, calling libcoreclr.so!DispatchManagedException(PAL_SEHException&, bool)
00007FFFFFFFAF38 00007fff7cb38acf (MethodDesc 00007fff7c63e750 + 0x1f System.Runtime.ExceptionServices.ExceptionDispatchInfo.Throw()), calling libcoreclr.so!IL_Throw(Object*)
00007FFFFFFFAFE0 00007ffff61a8f6a libcoreclr.so!IL_Throw(Object*) + 0x5a, calling libcoreclr.so!LazyMachStateCaptureState
00007FFFFFFFB010 00007ffff61a78a2 libcoreclr.so!JIT_MonExit_Portable + 0x22, calling libcoreclr.so!__tls_get_addr
00007FFFFFFFB020 00007ffff61699d4 libcoreclr.so!ExceptionNative::PrepareForForeignExceptionRaise() + 0x14, calling libcoreclr.so!__tls_get_addr
00007FFFFFFFB080 00007fff7cb38acf (MethodDesc 00007fff7c63e750 + 0x1f System.Runtime.ExceptionServices.ExceptionDispatchInfo.Throw()), calling libcoreclr.so!IL_Throw(Object*)
00007FFFFFFFB090 00007fff7d1bfba3 (MethodDesc 00007fff7c3e8470 + 0x33 System.Threading.Tasks.Parallel.ThrowSingleCancellationExceptionOrOtherException(System.Collections.ICollection, System.Threading.CancellationToken, System.Exception)), calling (MethodDesc 00007fff7c63e760 + 0 System.Runtime.ExceptionServices.ExceptionDispatchInfo.Throw(System.Exception))
00007FFFFFFFB0B0 00007fff7d1bccd5 (MethodDesc 00007fff7d2d0760 + 0x4d5 System.Threading.Tasks.Parallel.ForWorker[[System.__Canon, System.Private.CoreLib]](Int32, Int32, System.Threading.Tasks.ParallelOptions, System.Action`1<Int32>, System.Action`2<Int32,System.Threading.Tasks.ParallelLoopState>, System.Func`4<Int32,System.Threading.Tasks.ParallelLoopState,System.__Canon,System.__Canon>, System.Func`1<System.__Canon>, System.Action`1<System.__Canon>)), calling 00007fff7d1b0e96
00007FFFFFFFB100 00007ffff62277d7 libcoreclr.so!ExceptionTracker::CallCatchHandler(_CONTEXT*, bool*) + 0x107
00007FFFFFFFB1B0 00007ffff6228410 libcoreclr.so!ProcessCLRException + 0x610, calling libcoreclr.so!ExceptionTracker::CallCatchHandler(_CONTEXT*, bool*)
00007FFFFFFFB270 00007ffff622c12f libcoreclr.so!UnwindManagedExceptionPass2(PAL_SEHException&, _CONTEXT*) + 0x1af, calling libcoreclr.so!ProcessCLRException
00007FFFFFFFB2C0 00007ffff7124f83 libgcc_s.so.1!___lldb_unnamed_symbol16$$libgcc_s.so.1 + 0x43
00007FFFFFFFB348 00007ffff61a90b0 libcoreclr.so!IL_Throw(Object*) + 0x1a0, calling libcoreclr.so!RaiseTheExceptionInternalOnly(Object*, int, int)
00007FFFFFFFB370 00007fff7d1bcb77 (MethodDesc 00007fff7d2d0760 + 0x377 System.Threading.Tasks.Parallel.ForWorker[[System.__Canon, System.Private.CoreLib]](Int32, Int32, System.Threading.Tasks.ParallelOptions, System.Action`1<Int32>, System.Action`2<Int32,System.Threading.Tasks.ParallelLoopState>, System.Func`4<Int32,System.Threading.Tasks.ParallelLoopState,System.__Canon,System.__Canon>, System.Func`1<System.__Canon>, System.Action`1<System.__Canon>)), calling (MethodDesc 00007fff7d2d38c8 + 0 System.Threading.Tasks.TaskReplicator.Run[[System.Threading.Tasks.RangeWorker, System.Threading.Tasks.Parallel]](ReplicatableUserAction`1<System.Threading.Tasks.RangeWorker>, System.Threading.Tasks.ParallelOptions, Boolean))
00007FFFFFFFB600 00007ffff61a9123 libcoreclr.so!IL_Throw(Object*) + 0x213, calling libcoreclr.so!__clang_call_terminate
00007FFFFFFFB6A0 00007ffff61a90b0 libcoreclr.so!IL_Throw(Object*) + 0x1a0, calling libcoreclr.so!RaiseTheExceptionInternalOnly(Object*, int, int)
00007FFFFFFFB720 00007ffff6dcf53c libc.so.6!__GI___libc_free + 0x4c [/build/glibc-Cl5G7W/glibc-2.23/malloc/malloc.c:2969], calling libc.so.6!_int_free [/build/glibc-Cl5G7W/glibc-2.23/malloc/malloc.c:3841]
00007FFFFFFFB748 00007fff7d1bcb77 (MethodDesc 00007fff7d2d0760 + 0x377 System.Threading.Tasks.Parallel.ForWorker[[System.__Canon, System.Private.CoreLib]](Int32, Int32, System.Threading.Tasks.ParallelOptions, System.Action`1<Int32>, System.Action`2<Int32,System.Threading.Tasks.ParallelLoopState>, System.Func`4<Int32,System.Threading.Tasks.ParallelLoopState,System.__Canon,System.__Canon>, System.Func`1<System.__Canon>, System.Action`1<System.__Canon>)), calling (MethodDesc 00007fff7d2d38c8 + 0 System.Threading.Tasks.TaskReplicator.Run[[System.Threading.Tasks.RangeWorker, System.Threading.Tasks.Parallel]](ReplicatableUserAction`1<System.Threading.Tasks.RangeWorker>, System.Threading.Tasks.ParallelOptions, Boolean))
00007FFFFFFFB788 00007fff7d1bcb77 (MethodDesc 00007fff7d2d0760 + 0x377 System.Threading.Tasks.Parallel.ForWorker[[System.__Canon, System.Private.CoreLib]](Int32, Int32, System.Threading.Tasks.ParallelOptions, System.Action`1<Int32>, System.Action`2<Int32,System.Threading.Tasks.ParallelLoopState>, System.Func`4<Int32,System.Threading.Tasks.ParallelLoopState,System.__Canon,System.__Canon>, System.Func`1<System.__Canon>, System.Action`1<System.__Canon>)), calling (MethodDesc 00007fff7d2d38c8 + 0 System.Threading.Tasks.TaskReplicator.Run[[System.Threading.Tasks.RangeWorker, System.Threading.Tasks.Parallel]](ReplicatableUserAction`1<System.Threading.Tasks.RangeWorker>, System.Threading.Tasks.ParallelOptions, Boolean))
00007FFFFFFFB800 00007fff7d1bcb77 (MethodDesc 00007fff7d2d0760 + 0x377 System.Threading.Tasks.Parallel.ForWorker[[System.__Canon, System.Private.CoreLib]](Int32, Int32, System.Threading.Tasks.ParallelOptions, System.Action`1<Int32>, System.Action`2<Int32,System.Threading.Tasks.ParallelLoopState>, System.Func`4<Int32,System.Threading.Tasks.ParallelLoopState,System.__Canon,System.__Canon>, System.Func`1<System.__Canon>, System.Action`1<System.__Canon>)), calling (MethodDesc 00007fff7d2d38c8 + 0 System.Threading.Tasks.TaskReplicator.Run[[System.Threading.Tasks.RangeWorker, System.Threading.Tasks.Parallel]](ReplicatableUserAction`1<System.Threading.Tasks.RangeWorker>, System.Threading.Tasks.ParallelOptions, Boolean))
00007FFFFFFFB820 00007ffff622c6b8 libcoreclr.so!UnwindManagedExceptionPass1(PAL_SEHException&, _CONTEXT*) + 0x348, calling libcoreclr.so!UnwindManagedExceptionPass2(PAL_SEHException&, _CONTEXT*)
00007FFFFFFFB870 00007ffff7124f83 libgcc_s.so.1!___lldb_unnamed_symbol16$$libgcc_s.so.1 + 0x43
00007FFFFFFFB8F8 00007ffff61a90b0 libcoreclr.so!IL_Throw(Object*) + 0x1a0, calling libcoreclr.so!RaiseTheExceptionInternalOnly(Object*, int, int)
00007FFFFFFFB920 00007fff7d1bbdca (MethodDesc 00007fff7c3e8000 + 0x5a System.Threading.Tasks.Parallel.For(Int32, Int32, System.Action`1<Int32>)), calling (MethodDesc 00007fff7d2d0760 + 0 System.Threading.Tasks.Parallel.ForWorker[[System.__Canon, System.Private.CoreLib]](Int32, Int32, System.Threading.Tasks.ParallelOptions, System.Action`1<Int32>, System.Action`2<Int32,System.Threading.Tasks.ParallelLoopState>, System.Func`4<Int32,System.Threading.Tasks.ParallelLoopState,System.__Canon,System.__Canon>, System.Func`1<System.__Canon>, System.Action`1<System.__Canon>))
00007FFFFFFFBBB0 00007ffff61a9123 libcoreclr.so!IL_Throw(Object*) + 0x213, calling libcoreclr.so!__clang_call_terminate
00007FFFFFFFBC50 00007ffff61a90b0 libcoreclr.so!IL_Throw(Object*) + 0x1a0, calling libcoreclr.so!RaiseTheExceptionInternalOnly(Object*, int, int)
00007FFFFFFFBCD0 00007ffff6dcf53c libc.so.6!__GI___libc_free + 0x4c [/build/glibc-Cl5G7W/glibc-2.23/malloc/malloc.c:2969], calling libc.so.6!_int_free [/build/glibc-Cl5G7W/glibc-2.23/malloc/malloc.c:3841]
00007FFFFFFFBCF8 00007fff7d1bcb77 (MethodDesc 00007fff7d2d0760 + 0x377 System.Threading.Tasks.Parallel.ForWorker[[System.__Canon, System.Private.CoreLib]](Int32, Int32, System.Threading.Tasks.ParallelOptions, System.Action`1<Int32>, System.Action`2<Int32,System.Threading.Tasks.ParallelLoopState>, System.Func`4<Int32,System.Threading.Tasks.ParallelLoopState,System.__Canon,System.__Canon>, System.Func`1<System.__Canon>, System.Action`1<System.__Canon>)), calling (MethodDesc 00007fff7d2d38c8 + 0 System.Threading.Tasks.TaskReplicator.Run[[System.Threading.Tasks.RangeWorker, System.Threading.Tasks.Parallel]](ReplicatableUserAction`1<System.Threading.Tasks.RangeWorker>, System.Threading.Tasks.ParallelOptions, Boolean))
00007FFFFFFFBD38 00007fff7d1bcb77 (MethodDesc 00007fff7d2d0760 + 0x377 System.Threading.Tasks.Parallel.ForWorker[[System.__Canon, System.Private.CoreLib]](Int32, Int32, System.Threading.Tasks.ParallelOptions, System.Action`1<Int32>, System.Action`2<Int32,System.Threading.Tasks.ParallelLoopState>, System.Func`4<Int32,System.Threading.Tasks.ParallelLoopState,System.__Canon,System.__Canon>, System.Func`1<System.__Canon>, System.Action`1<System.__Canon>)), calling (MethodDesc 00007fff7d2d38c8 + 0 System.Threading.Tasks.TaskReplicator.Run[[System.Threading.Tasks.RangeWorker, System.Threading.Tasks.Parallel]](ReplicatableUserAction`1<System.Threading.Tasks.RangeWorker>, System.Threading.Tasks.ParallelOptions, Boolean))
00007FFFFFFFBDC0 00007ffff622c7e3 libcoreclr.so!DispatchManagedException(PAL_SEHException&, bool) + 0x113, calling libcoreclr.so!UnwindManagedExceptionPass1(PAL_SEHException&, _CONTEXT*)
00007FFFFFFFBE10 00007ffff7124f83 libgcc_s.so.1!___lldb_unnamed_symbol16$$libgcc_s.so.1 + 0x43
00007FFFFFFFBE98 00007ffff61a90b0 libcoreclr.so!IL_Throw(Object*) + 0x1a0, calling libcoreclr.so!RaiseTheExceptionInternalOnly(Object*, int, int)
00007FFFFFFFBEC0 00007fff7d1bbdca (MethodDesc 00007fff7c3e8000 + 0x5a System.Threading.Tasks.Parallel.For(Int32, Int32, System.Action`1<Int32>)), calling (MethodDesc 00007fff7d2d0760 + 0 System.Threading.Tasks.Parallel.ForWorker[[System.__Canon, System.Private.CoreLib]](Int32, Int32, System.Threading.Tasks.ParallelOptions, System.Action`1<Int32>, System.Action`2<Int32,System.Threading.Tasks.ParallelLoopState>, System.Func`4<Int32,System.Threading.Tasks.ParallelLoopState,System.__Canon,System.__Canon>, System.Func`1<System.__Canon>, System.Action`1<System.__Canon>))
00007FFFFFFFC150 00007ffff61a9123 libcoreclr.so!IL_Throw(Object*) + 0x213, calling libcoreclr.so!__clang_call_terminate
00007FFFFFFFC1F0 00007ffff61a90b0 libcoreclr.so!IL_Throw(Object*) + 0x1a0, calling libcoreclr.so!RaiseTheExceptionInternalOnly(Object*, int, int)
00007FFFFFFFC270 00007ffff6dcf53c libc.so.6!__GI___libc_free + 0x4c [/build/glibc-Cl5G7W/glibc-2.23/malloc/malloc.c:2969], calling libc.so.6!_int_free [/build/glibc-Cl5G7W/glibc-2.23/malloc/malloc.c:3841]
00007FFFFFFFC2C0 00007ffff61a91da libcoreclr.so!IL_Throw(Object*) + 0x2ca, calling libcoreclr.so!DispatchManagedException(PAL_SEHException&, bool)
00007FFFFFFFC308 00007fff7d1c29d1 (MethodDesc 00007fff7d2d38c8 + 0x111 System.Threading.Tasks.TaskReplicator.Run[[System.Threading.Tasks.RangeWorker, System.Threading.Tasks.Parallel]](ReplicatableUserAction`1<System.Threading.Tasks.RangeWorker>, System.Threading.Tasks.ParallelOptions, Boolean)), calling 00007fff7d1b0e5e
00007FFFFFFFC3B0 00007ffff61a8f6a libcoreclr.so!IL_Throw(Object*) + 0x5a, calling libcoreclr.so!LazyMachStateCaptureState
00007FFFFFFFC3E0 00007ffff6239668 libcoreclr.so!JIT_Stelem_Ref__ObjIsInstanceOfNoGC_Helper + 0x1f, calling libcoreclr.so!ObjIsInstanceOfNoGC
00007FFFFFFFC3F0 00007ffff61a2159 libcoreclr.so!JIT_NewS_MP_FastPortable(CORINFO_CLASS_STRUCT_*) + 0x19, calling libcoreclr.so!__tls_get_addr
00007FFFFFFFC450 00007fff7d1c29d1 (MethodDesc 00007fff7d2d38c8 + 0x111 System.Threading.Tasks.TaskReplicator.Run[[System.Threading.Tasks.RangeWorker, System.Threading.Tasks.Parallel]](ReplicatableUserAction`1<System.Threading.Tasks.RangeWorker>, System.Threading.Tasks.ParallelOptions, Boolean)), calling 00007fff7d1b0e5e
00007FFFFFFFC490 00007fff7d1bcb77 (MethodDesc 00007fff7d2d0760 + 0x377 System.Threading.Tasks.Parallel.ForWorker[[System.__Canon, System.Private.CoreLib]](Int32, Int32, System.Threading.Tasks.ParallelOptions, System.Action`1<Int32>, System.Action`2<Int32,System.Threading.Tasks.ParallelLoopState>, System.Func`4<Int32,System.Threading.Tasks.ParallelLoopState,System.__Canon,System.__Canon>, System.Func`1<System.__Canon>, System.Action`1<System.__Canon>)), calling (MethodDesc 00007fff7d2d38c8 + 0 System.Threading.Tasks.TaskReplicator.Run[[System.Threading.Tasks.RangeWorker, System.Threading.Tasks.Parallel]](ReplicatableUserAction`1<System.Threading.Tasks.RangeWorker>, System.Threading.Tasks.ParallelOptions, Boolean))
00007FFFFFFFC570 00007fff7d1bbdca (MethodDesc 00007fff7c3e8000 + 0x5a System.Threading.Tasks.Parallel.For(Int32, Int32, System.Action`1<Int32>)), calling (MethodDesc 00007fff7d2d0760 + 0 System.Threading.Tasks.Parallel.ForWorker[[System.__Canon, System.Private.CoreLib]](Int32, Int32, System.Threading.Tasks.ParallelOptions, System.Action`1<Int32>, System.Action`2<Int32,System.Threading.Tasks.ParallelLoopState>, System.Func`4<Int32,System.Threading.Tasks.ParallelLoopState,System.__Canon,System.__Canon>, System.Func`1<System.__Canon>, System.Action`1<System.__Canon>))
00007FFFFFFFC5C0 00007fff7d0518e7 (MethodDesc 00007fff7c3e5b30 + 0xe7 Repro.Program.Main()), calling (MethodDesc 00007fff7c3e8000 + 0 System.Threading.Tasks.Parallel.For(Int32, Int32, System.Action`1<Int32>))
00007FFFFFFFC600 00007ffff6238eaf libcoreclr.so!CallDescrWorkerInternal + 0x7c
00007FFFFFFFC620 00007ffff61595dc libcoreclr.so!MethodDescCallSite::CallTargetWorker(unsigned long const*, unsigned long*, int) + 0x3ac, calling libcoreclr.so!CallDescrWorkerInternal
00007FFFFFFFC640 00007ffff63f811b libcoreclr.so!MDInternalRO::GetSigOfMethodDef(unsigned int, unsigned int*, unsigned char const**) + 0xdb, calling libcoreclr.so!StgBlobPoolReadOnly::GetBlob(unsigned int, MetaData::DataBlob*)
00007FFFFFFFC6B0 00007ffff60e8263 libcoreclr.so!MethodDesc::RequiresInstArg() + 0x13, calling libcoreclr.so!MethodDesc::IsSharedByGenericInstantiations()
00007FFFFFFFC6E0 00007ffff610d4fd libcoreclr.so!MetaSig::MetaSig(MethodDesc*, TypeHandle) + 0xed, calling libcoreclr.so!MethodDesc::RequiresInstArg()
00007FFFFFFFC710 00007ffff61592d6 libcoreclr.so!MethodDescCallSite::CallTargetWorker(unsigned long const*, unsigned long*, int) + 0xa6, calling libcoreclr.so!ArgIteratorTemplate<ArgIteratorBase>::SizeOfArgStack()
00007FFFFFFFC750 00007ffff60e77a8 libcoreclr.so!MethodDesc::IsVoid() + 0x38, calling libcoreclr.so!MetaSig::IsReturnTypeVoid() const
00007FFFFFFFC7F0 00007ffff625a046 libcoreclr.so!RunMain(MethodDesc*, short, int*, PtrArray**) + 0x2e6, calling libcoreclr.so!MethodDescCallSite::CallTargetWorker(unsigned long const*, unsigned long*, int)
00007FFFFFFFC880 00007ffff619f01a libcoreclr.so!JIT_GetSharedGCStaticBase_Helper + 0x8a, calling libcoreclr.so!LazyMachStateCaptureState
00007FFFFFFFCA00 00007ffff625a2e5 libcoreclr.so!Assembly::ExecuteMainMethod(PtrArray**, int) + 0xe5, calling libcoreclr.so!RunMain(MethodDesc*, short, int*, PtrArray**)
00007FFFFFFFCA20 00007ffff61592d6 libcoreclr.so!MethodDescCallSite::CallTargetWorker(unsigned long const*, unsigned long*, int) + 0xa6, calling libcoreclr.so!ArgIteratorTemplate<ArgIteratorBase>::SizeOfArgStack()
00007FFFFFFFCB00 00007ffff60a2c37 libcoreclr.so!SetCommandLineArgs(char16_t const*, int, char16_t const**) + 0x1b7, calling libcoreclr.so!Frame::PopIfChained()
00007FFFFFFFCB70 00007ffff6190a41 libcoreclr.so!AllocateArrayEx(MethodTable*, int*, unsigned int, int) + 0x8d1, calling libcoreclr.so!ETW::TypeSystemLog::IsHeapAllocEventEnabled()
00007FFFFFFFCBC0 00007ffff627ec82 libcoreclr.so!ClassLoader::LoadArrayTypeThrowing(TypeHandle, CorElementType, unsigned int, ClassLoader::LoadTypesFlag, ClassLoadLevel) + 0x42, calling libcoreclr.so!TypeHandle::GetSignatureCorElementType() const
00007FFFFFFFCC30 00007ffff61913e6 libcoreclr.so!AllocateObjectArray(unsigned int, TypeHandle, int) + 0xa6, calling libcoreclr.so!AllocateArrayEx(MethodTable*, int*, unsigned int, int)
00007FFFFFFFCC70 00007ffff60a2e92 libcoreclr.so!CorHost2::ExecuteAssembly(unsigned int, char16_t const*, int, char16_t const**, unsigned int*) + 0x1e2, calling libcoreclr.so!Assembly::ExecuteMainMethod(PtrArray**, int)
00007FFFFFFFCD20 00007ffff607dfb4 libcoreclr.so!coreclr_execute_assembly + 0xd4
00007FFFFFFFCD80 00007ffff685587d libhostpolicy.so!___lldb_unnamed_symbol1550$$libhostpolicy.so + 0x7d
00007FFFFFFFCDC0 00007ffff68482fd libhostpolicy.so!___lldb_unnamed_symbol1269$$libhostpolicy.so + 0x1a7d, calling libhostpolicy.so!___lldb_unnamed_symbol1550$$libhostpolicy.so
00007FFFFFFFCE50 00007ffff7de1b1f ld-linux-x86-64.so.2!___lldb_unnamed_symbol33$$ld-linux-x86-64.so.2 + 0x14f, calling ld-linux-x86-64.so.2!___lldb_unnamed_symbol32$$ld-linux-x86-64.so.2
00007FFFFFFFCF80 00007ffff7de6ac6 ld-linux-x86-64.so.2!___lldb_unnamed_symbol47$$ld-linux-x86-64.so.2 + 0xd6, calling ld-linux-x86-64.so.2!___lldb_unnamed_symbol33$$ld-linux-x86-64.so.2
00007FFFFFFFD1C0 00007ffff6dcf53c libc.so.6!__GI___libc_free + 0x4c [/build/glibc-Cl5G7W/glibc-2.23/malloc/malloc.c:2969], calling libc.so.6!_int_free [/build/glibc-Cl5G7W/glibc-2.23/malloc/malloc.c:3841]
00007FFFFFFFD4E0 00007ffff6848b4c libhostpolicy.so!corehost_main + 0xec, calling libhostpolicy.so!___lldb_unnamed_symbol1269$$libhostpolicy.so
00007FFFFFFFD5E0 00007ffff6afbcbf libhostfxr.so!___lldb_unnamed_symbol1564$$libhostfxr.so + 0xcf
00007FFFFFFFD660 00007ffff6b0736c libhostfxr.so!___lldb_unnamed_symbol1609$$libhostfxr.so + 0x153c, calling libhostfxr.so!___lldb_unnamed_symbol1564$$libhostfxr.so
00007FFFFFFFD790 00007ffff7de1b1f ld-linux-x86-64.so.2!___lldb_unnamed_symbol33$$ld-linux-x86-64.so.2 + 0x14f, calling ld-linux-x86-64.so.2!___lldb_unnamed_symbol32$$ld-linux-x86-64.so.2
00007FFFFFFFDC30 00007ffff7de1b1f ld-linux-x86-64.so.2!___lldb_unnamed_symbol33$$ld-linux-x86-64.so.2 + 0x14f, calling ld-linux-x86-64.so.2!___lldb_unnamed_symbol32$$ld-linux-x86-64.so.2
00007FFFFFFFDC70 00007ffff7de1b1f ld-linux-x86-64.so.2!___lldb_unnamed_symbol33$$ld-linux-x86-64.so.2 + 0x14f, calling ld-linux-x86-64.so.2!___lldb_unnamed_symbol32$$ld-linux-x86-64.so.2
00007FFFFFFFDD20 00007ffff6dcccde libc.so.6!_int_malloc + 0x15e [/build/glibc-Cl5G7W/glibc-2.23/malloc/malloc.c:3819], calling libc.so.6!malloc_consolidate [/build/glibc-Cl5G7W/glibc-2.23/malloc/malloc.c:4144]
00007FFFFFFFDD60 00007ffff7de6ac6 ld-linux-x86-64.so.2!___lldb_unnamed_symbol47$$ld-linux-x86-64.so.2 + 0xd6, calling ld-linux-x86-64.so.2!___lldb_unnamed_symbol33$$ld-linux-x86-64.so.2
00007FFFFFFFDFE0 00007ffff6b084c5 libhostfxr.so!___lldb_unnamed_symbol1612$$libhostfxr.so + 0x1b5, calling libhostfxr.so!___lldb_unnamed_symbol1609$$libhostfxr.so
---------------------------------------------
Thread   7
TEB information is not available so a stack size of 0xFFFF is assumed
Current frame: libpthread.so.0!__pthread_cond_timedwait + 0x129
Child-SP         RetAddr          Caller, Callee
00007FFFEE482940 00007ffff64b4fa5 libcoreclr.so!CorUnix::CPalSynchronizationManager::ThreadNativeWait(CorUnix::_ThreadNativeWaitData*, unsigned int, CorUnix::ThreadWakeupReason*, unsigned int*) + 0x125, calling libcoreclr.so!pthread_cond_timedwait
00007FFFEE4829A0 00007ffff64b4bc4 libcoreclr.so!CorUnix::CPalSynchronizationManager::BlockThread(CorUnix::CPalThread*, unsigned int, bool, bool, CorUnix::ThreadWakeupReason*, unsigned int*) + 0x184, calling libcoreclr.so!CorUnix::CPalSynchronizationManager::ThreadNativeWait(CorUnix::_ThreadNativeWaitData*, unsigned int, CorUnix::ThreadWakeupReason*, unsigned int*)
00007FFFEE482A00 00007ffff64b9594 libcoreclr.so!CorUnix::InternalWaitForMultipleObjectsEx(CorUnix::CPalThread*, unsigned int, void* const*, int, unsigned int, int, int) + 0x714
00007FFFEE482B90 00007ffff64b9839 libcoreclr.so!WaitForSingleObjectEx + 0x59, calling libcoreclr.so!CorUnix::InternalWaitForMultipleObjectsEx(CorUnix::CPalThread*, unsigned int, void* const*, int, unsigned int, int, int)
00007FFFEE482BA0 00007ffff7deac7c ld-linux-x86-64.so.2!___lldb_unnamed_symbol78$$ld-linux-x86-64.so.2 + 0xc, calling ld-linux-x86-64.so.2!___lldb_unnamed_symbol77$$ld-linux-x86-64.so.2
00007FFFEE482BD0 00007ffff61fdd91 libcoreclr.so!CLREventBase::WaitEx(unsigned int, WaitMode, PendingSync*) + 0xd1, calling libcoreclr.so!WaitForSingleObjectEx
00007FFFEE482BE0 00007ffff64b5f61 libcoreclr.so!CorUnix::CPalSynchronizationManager::CreateSynchStateController(CorUnix::CPalThread*, CorUnix::CObjectType*, void*, CorUnix::ObjectDomain, CorUnix::ISynchStateController**) + 0x81, calling libcoreclr.so!CorUnix::CSynchControllerBase::Init(CorUnix::CPalThread*, CorUnix::CSynchControllerBase::ControllerType, CorUnix::ObjectDomain, CorUnix::CObjectType*, CorUnix::CSynchData*, CorUnix::WaitDomain)
00007FFFEE482C70 00007ffff618de6f libcoreclr.so!FinalizerThread::WaitForFinalizerEvent(CLREvent*) + 0x1f, calling libcoreclr.so!CLREventBase::Wait(unsigned int, int, PendingSync*)
00007FFFEE482CB0 00007ffff618e015 libcoreclr.so!FinalizerThread::FinalizerThreadWorker(void*) + 0x75, calling libcoreclr.so!FinalizerThread::WaitForFinalizerEvent(CLREvent*)
00007FFFEE482CF0 00007ffff612af0d libcoreclr.so!ManagedThreadBase_DispatchOuter(ManagedThreadCallState*) + 0x19d
00007FFFEE482D10 00007ffff60a8799 libcoreclr.so!CrstBase::Leave() + 0x29
00007FFFEE482D20 00007ffff60a6694 libcoreclr.so!CExecutionEngine::GetTlsData() + 0x14, calling libcoreclr.so!__tls_get_addr
00007FFFEE482E10 00007ffff612b6ee libcoreclr.so!ManagedThreadBase::FinalizerBase(void (*)(void*)) + 0x5e, calling libcoreclr.so!ManagedThreadBase_DispatchOuter(ManagedThreadCallState*)
00007FFFEE482E60 00007ffff618e40c libcoreclr.so!FinalizerThread::FinalizerThreadStart(void*) + 0xcc, calling libcoreclr.so!ManagedThreadBase::FinalizerBase(void (*)(void*))
00007FFFEE482E70 00007ffff649ca5a libcoreclr.so!HeapFree + 0x3a, calling libcoreclr.so!PAL_free
00007FFFEE482E90 00007ffff6194dd1 libcoreclr.so!EEHeapFreeInProcessHeap(unsigned int, void*) + 0x31, calling libcoreclr.so!HeapFree
00007FFFEE482EB0 00007ffff607e81d libcoreclr.so!operator delete(void*) + 0x1d
00007FFFEE482EF0 00007ffff64bfa62 libcoreclr.so!CorUnix::CPalThread::ThreadEntry(void*) + 0x132
00007FFFEE482FB0 00007ffff6e5241d libc.so.6!__clone + 0x6d [/build/glibc-Cl5G7W/glibc-2.23/misc/../sysdeps/unix/sysv/linux/x86_64/clone.S:111]
---------------------------------------------
Thread   9
TEB information is not available so a stack size of 0xFFFF is assumed
Current frame: libpthread.so.0!__pthread_cond_timedwait + 0x129
Child-SP         RetAddr          Caller, Callee
00007FFFECF9BB70 00007ffff64b4fa5 libcoreclr.so!CorUnix::CPalSynchronizationManager::ThreadNativeWait(CorUnix::_ThreadNativeWaitData*, unsigned int, CorUnix::ThreadWakeupReason*, unsigned int*) + 0x125, calling libcoreclr.so!pthread_cond_timedwait
00007FFFECF9BBD0 00007ffff64b4bc4 libcoreclr.so!CorUnix::CPalSynchronizationManager::BlockThread(CorUnix::CPalThread*, unsigned int, bool, bool, CorUnix::ThreadWakeupReason*, unsigned int*) + 0x184, calling libcoreclr.so!CorUnix::CPalSynchronizationManager::ThreadNativeWait(CorUnix::_ThreadNativeWaitData*, unsigned int, CorUnix::ThreadWakeupReason*, unsigned int*)
00007FFFECF9BC30 00007ffff64b9594 libcoreclr.so!CorUnix::InternalWaitForMultipleObjectsEx(CorUnix::CPalThread*, unsigned int, void* const*, int, unsigned int, int, int) + 0x714
00007FFFECF9BDC0 00007ffff64b97c4 libcoreclr.so!PAL_WaitForSingleObjectPrioritized + 0x54, calling libcoreclr.so!CorUnix::InternalWaitForMultipleObjectsEx(CorUnix::CPalThread*, unsigned int, void* const*, int, unsigned int, int, int)
00007FFFECF9BDF0 00007ffff61fe25d libcoreclr.so!CLRLifoSemaphore::WaitForSignal(unsigned int) + 0x10d, calling libcoreclr.so!PAL_WaitForSingleObjectPrioritized
00007FFFECF9BE30 00007ffff61fe587 libcoreclr.so!CLRLifoSemaphore::Wait(unsigned int, unsigned int, unsigned int) + 0x267, calling libcoreclr.so!CLRLifoSemaphore::WaitForSignal(unsigned int)
00007FFFECF9BE90 00007ffff6149bb7 libcoreclr.so!ThreadpoolMgr::WorkerThreadStart(void*) + 0x3a7, calling libcoreclr.so!CLRLifoSemaphore::Wait(unsigned int, unsigned int, unsigned int)
00007FFFECF9BEF0 00007ffff64bfa62 libcoreclr.so!CorUnix::CPalThread::ThreadEntry(void*) + 0x132
00007FFFECF9BFB0 00007ffff6e5241d libc.so.6!__clone + 0x6d [/build/glibc-Cl5G7W/glibc-2.23/misc/../sysdeps/unix/sysv/linux/x86_64/clone.S:111]
---------------------------------------------
Thread  11
TEB information is not available so a stack size of 0xFFFF is assumed
Current frame: libpthread.so.0!__pthread_cond_timedwait + 0x129
Child-SP         RetAddr          Caller, Callee
00007FFF57FFCB70 00007ffff64b4fa5 libcoreclr.so!CorUnix::CPalSynchronizationManager::ThreadNativeWait(CorUnix::_ThreadNativeWaitData*, unsigned int, CorUnix::ThreadWakeupReason*, unsigned int*) + 0x125, calling libcoreclr.so!pthread_cond_timedwait
00007FFF57FFCBD0 00007ffff64b4bc4 libcoreclr.so!CorUnix::CPalSynchronizationManager::BlockThread(CorUnix::CPalThread*, unsigned int, bool, bool, CorUnix::ThreadWakeupReason*, unsigned int*) + 0x184, calling libcoreclr.so!CorUnix::CPalSynchronizationManager::ThreadNativeWait(CorUnix::_ThreadNativeWaitData*, unsigned int, CorUnix::ThreadWakeupReason*, unsigned int*)
00007FFF57FFCC30 00007ffff64b9594 libcoreclr.so!CorUnix::InternalWaitForMultipleObjectsEx(CorUnix::CPalThread*, unsigned int, void* const*, int, unsigned int, int, int) + 0x714
00007FFF57FFCDC0 00007ffff64b97c4 libcoreclr.so!PAL_WaitForSingleObjectPrioritized + 0x54, calling libcoreclr.so!CorUnix::InternalWaitForMultipleObjectsEx(CorUnix::CPalThread*, unsigned int, void* const*, int, unsigned int, int, int)
00007FFF57FFCDF0 00007ffff61fe170 libcoreclr.so!CLRLifoSemaphore::WaitForSignal(unsigned int) + 0x20, calling libcoreclr.so!PAL_WaitForSingleObjectPrioritized
00007FFF57FFCE30 00007ffff61fe587 libcoreclr.so!CLRLifoSemaphore::Wait(unsigned int, unsigned int, unsigned int) + 0x267, calling libcoreclr.so!CLRLifoSemaphore::WaitForSignal(unsigned int)
00007FFF57FFCE90 00007ffff6149bb7 libcoreclr.so!ThreadpoolMgr::WorkerThreadStart(void*) + 0x3a7, calling libcoreclr.so!CLRLifoSemaphore::Wait(unsigned int, unsigned int, unsigned int)
00007FFF57FFCEF0 00007ffff64bfa62 libcoreclr.so!CorUnix::CPalThread::ThreadEntry(void*) + 0x132
00007FFF57FFCFB0 00007ffff6e5241d libc.so.6!__clone + 0x6d [/build/glibc-Cl5G7W/glibc-2.23/misc/../sysdeps/unix/sysv/linux/x86_64/clone.S:111]
---------------------------------------------
Thread  12
TEB information is not available so a stack size of 0xFFFF is assumed
Current frame: libpthread.so.0!__pthread_cond_timedwait + 0x129
Child-SP         RetAddr          Caller, Callee
00007FFF577FBB70 00007ffff64b4fa5 libcoreclr.so!CorUnix::CPalSynchronizationManager::ThreadNativeWait(CorUnix::_ThreadNativeWaitData*, unsigned int, CorUnix::ThreadWakeupReason*, unsigned int*) + 0x125, calling libcoreclr.so!pthread_cond_timedwait
00007FFF577FBBD0 00007ffff64b4bc4 libcoreclr.so!CorUnix::CPalSynchronizationManager::BlockThread(CorUnix::CPalThread*, unsigned int, bool, bool, CorUnix::ThreadWakeupReason*, unsigned int*) + 0x184, calling libcoreclr.so!CorUnix::CPalSynchronizationManager::ThreadNativeWait(CorUnix::_ThreadNativeWaitData*, unsigned int, CorUnix::ThreadWakeupReason*, unsigned int*)
00007FFF577FBC30 00007ffff64b9594 libcoreclr.so!CorUnix::InternalWaitForMultipleObjectsEx(CorUnix::CPalThread*, unsigned int, void* const*, int, unsigned int, int, int) + 0x714
00007FFF577FBDC0 00007ffff64b97c4 libcoreclr.so!PAL_WaitForSingleObjectPrioritized + 0x54, calling libcoreclr.so!CorUnix::InternalWaitForMultipleObjectsEx(CorUnix::CPalThread*, unsigned int, void* const*, int, unsigned int, int, int)
00007FFF577FBDF0 00007ffff61fe170 libcoreclr.so!CLRLifoSemaphore::WaitForSignal(unsigned int) + 0x20, calling libcoreclr.so!PAL_WaitForSingleObjectPrioritized
00007FFF577FBE30 00007ffff61fe587 libcoreclr.so!CLRLifoSemaphore::Wait(unsigned int, unsigned int, unsigned int) + 0x267, calling libcoreclr.so!CLRLifoSemaphore::WaitForSignal(unsigned int)
00007FFF577FBE90 00007ffff6149bb7 libcoreclr.so!ThreadpoolMgr::WorkerThreadStart(void*) + 0x3a7, calling libcoreclr.so!CLRLifoSemaphore::Wait(unsigned int, unsigned int, unsigned int)
00007FFF577FBEF0 00007ffff64bfa62 libcoreclr.so!CorUnix::CPalThread::ThreadEntry(void*) + 0x132
00007FFF577FBFB0 00007ffff6e5241d libc.so.6!__clone + 0x6d [/build/glibc-Cl5G7W/glibc-2.23/misc/../sysdeps/unix/sysv/linux/x86_64/clone.S:111]
---------------------------------------------
Thread  13
TEB information is not available so a stack size of 0xFFFF is assumed
Current frame: libpthread.so.0!__pthread_cond_timedwait + 0x129
Child-SP         RetAddr          Caller, Callee
00007FFF56FFAB70 00007ffff64b4fa5 libcoreclr.so!CorUnix::CPalSynchronizationManager::ThreadNativeWait(CorUnix::_ThreadNativeWaitData*, unsigned int, CorUnix::ThreadWakeupReason*, unsigned int*) + 0x125, calling libcoreclr.so!pthread_cond_timedwait
00007FFF56FFABD0 00007ffff64b4bc4 libcoreclr.so!CorUnix::CPalSynchronizationManager::BlockThread(CorUnix::CPalThread*, unsigned int, bool, bool, CorUnix::ThreadWakeupReason*, unsigned int*) + 0x184, calling libcoreclr.so!CorUnix::CPalSynchronizationManager::ThreadNativeWait(CorUnix::_ThreadNativeWaitData*, unsigned int, CorUnix::ThreadWakeupReason*, unsigned int*)
00007FFF56FFAC30 00007ffff64b9594 libcoreclr.so!CorUnix::InternalWaitForMultipleObjectsEx(CorUnix::CPalThread*, unsigned int, void* const*, int, unsigned int, int, int) + 0x714
00007FFF56FFADC0 00007ffff64b97c4 libcoreclr.so!PAL_WaitForSingleObjectPrioritized + 0x54, calling libcoreclr.so!CorUnix::InternalWaitForMultipleObjectsEx(CorUnix::CPalThread*, unsigned int, void* const*, int, unsigned int, int, int)
00007FFF56FFADF0 00007ffff61fe25d libcoreclr.so!CLRLifoSemaphore::WaitForSignal(unsigned int) + 0x10d, calling libcoreclr.so!PAL_WaitForSingleObjectPrioritized
00007FFF56FFAE30 00007ffff61fe587 libcoreclr.so!CLRLifoSemaphore::Wait(unsigned int, unsigned int, unsigned int) + 0x267, calling libcoreclr.so!CLRLifoSemaphore::WaitForSignal(unsigned int)
00007FFF56FFAE90 00007ffff6149bb7 libcoreclr.so!ThreadpoolMgr::WorkerThreadStart(void*) + 0x3a7, calling libcoreclr.so!CLRLifoSemaphore::Wait(unsigned int, unsigned int, unsigned int)
00007FFF56FFAEF0 00007ffff64bfa62 libcoreclr.so!CorUnix::CPalThread::ThreadEntry(void*) + 0x132
00007FFF56FFAFB0 00007ffff6e5241d libc.so.6!__clone + 0x6d [/build/glibc-Cl5G7W/glibc-2.23/misc/../sysdeps/unix/sysv/linux/x86_64/clone.S:111]
---------------------------------------------
Thread  14
TEB information is not available so a stack size of 0xFFFF is assumed
Current frame: libpthread.so.0!__pthread_cond_timedwait + 0x129
Child-SP         RetAddr          Caller, Callee
00007FFF567F9B70 00007ffff64b4fa5 libcoreclr.so!CorUnix::CPalSynchronizationManager::ThreadNativeWait(CorUnix::_ThreadNativeWaitData*, unsigned int, CorUnix::ThreadWakeupReason*, unsigned int*) + 0x125, calling libcoreclr.so!pthread_cond_timedwait
00007FFF567F9BD0 00007ffff64b4bc4 libcoreclr.so!CorUnix::CPalSynchronizationManager::BlockThread(CorUnix::CPalThread*, unsigned int, bool, bool, CorUnix::ThreadWakeupReason*, unsigned int*) + 0x184, calling libcoreclr.so!CorUnix::CPalSynchronizationManager::ThreadNativeWait(CorUnix::_ThreadNativeWaitData*, unsigned int, CorUnix::ThreadWakeupReason*, unsigned int*)
00007FFF567F9C30 00007ffff64b9594 libcoreclr.so!CorUnix::InternalWaitForMultipleObjectsEx(CorUnix::CPalThread*, unsigned int, void* const*, int, unsigned int, int, int) + 0x714
00007FFF567F9DC0 00007ffff64b97c4 libcoreclr.so!PAL_WaitForSingleObjectPrioritized + 0x54, calling libcoreclr.so!CorUnix::InternalWaitForMultipleObjectsEx(CorUnix::CPalThread*, unsigned int, void* const*, int, unsigned int, int, int)
00007FFF567F9DF0 00007ffff61fe25d libcoreclr.so!CLRLifoSemaphore::WaitForSignal(unsigned int) + 0x10d, calling libcoreclr.so!PAL_WaitForSingleObjectPrioritized
00007FFF567F9E30 00007ffff61fe587 libcoreclr.so!CLRLifoSemaphore::Wait(unsigned int, unsigned int, unsigned int) + 0x267, calling libcoreclr.so!CLRLifoSemaphore::WaitForSignal(unsigned int)
00007FFF567F9E90 00007ffff6149bb7 libcoreclr.so!ThreadpoolMgr::WorkerThreadStart(void*) + 0x3a7, calling libcoreclr.so!CLRLifoSemaphore::Wait(unsigned int, unsigned int, unsigned int)
00007FFF567F9EF0 00007ffff64bfa62 libcoreclr.so!CorUnix::CPalThread::ThreadEntry(void*) + 0x132
00007FFF567F9FB0 00007ffff6e5241d libc.so.6!__clone + 0x6d [/build/glibc-Cl5G7W/glibc-2.23/misc/../sysdeps/unix/sysv/linux/x86_64/clone.S:111]
---------------------------------------------
Thread  15
TEB information is not available so a stack size of 0xFFFF is assumed
Current frame: libpthread.so.0!__pthread_cond_timedwait + 0x129
Child-SP         RetAddr          Caller, Callee
00007FFF55FF8B70 00007ffff64b4fa5 libcoreclr.so!CorUnix::CPalSynchronizationManager::ThreadNativeWait(CorUnix::_ThreadNativeWaitData*, unsigned int, CorUnix::ThreadWakeupReason*, unsigned int*) + 0x125, calling libcoreclr.so!pthread_cond_timedwait
00007FFF55FF8BD0 00007ffff64b4bc4 libcoreclr.so!CorUnix::CPalSynchronizationManager::BlockThread(CorUnix::CPalThread*, unsigned int, bool, bool, CorUnix::ThreadWakeupReason*, unsigned int*) + 0x184, calling libcoreclr.so!CorUnix::CPalSynchronizationManager::ThreadNativeWait(CorUnix::_ThreadNativeWaitData*, unsigned int, CorUnix::ThreadWakeupReason*, unsigned int*)
00007FFF55FF8C30 00007ffff64b9594 libcoreclr.so!CorUnix::InternalWaitForMultipleObjectsEx(CorUnix::CPalThread*, unsigned int, void* const*, int, unsigned int, int, int) + 0x714
00007FFF55FF8DC0 00007ffff64b97c4 libcoreclr.so!PAL_WaitForSingleObjectPrioritized + 0x54, calling libcoreclr.so!CorUnix::InternalWaitForMultipleObjectsEx(CorUnix::CPalThread*, unsigned int, void* const*, int, unsigned int, int, int)
00007FFF55FF8DF0 00007ffff61fe170 libcoreclr.so!CLRLifoSemaphore::WaitForSignal(unsigned int) + 0x20, calling libcoreclr.so!PAL_WaitForSingleObjectPrioritized
00007FFF55FF8E30 00007ffff61fe587 libcoreclr.so!CLRLifoSemaphore::Wait(unsigned int, unsigned int, unsigned int) + 0x267, calling libcoreclr.so!CLRLifoSemaphore::WaitForSignal(unsigned int)
00007FFF55FF8E90 00007ffff6149bb7 libcoreclr.so!ThreadpoolMgr::WorkerThreadStart(void*) + 0x3a7, calling libcoreclr.so!CLRLifoSemaphore::Wait(unsigned int, unsigned int, unsigned int)
00007FFF55FF8EF0 00007ffff64bfa62 libcoreclr.so!CorUnix::CPalThread::ThreadEntry(void*) + 0x132
00007FFF55FF8FB0 00007ffff6e5241d libc.so.6!__clone + 0x6d [/build/glibc-Cl5G7W/glibc-2.23/misc/../sysdeps/unix/sysv/linux/x86_64/clone.S:111]
---------------------------------------------
Thread  16
TEB information is not available so a stack size of 0xFFFF is assumed
Current frame: libpthread.so.0!__pthread_cond_timedwait + 0x129
Child-SP         RetAddr          Caller, Callee
00007FFF557F7B70 00007ffff64b4fa5 libcoreclr.so!CorUnix::CPalSynchronizationManager::ThreadNativeWait(CorUnix::_ThreadNativeWaitData*, unsigned int, CorUnix::ThreadWakeupReason*, unsigned int*) + 0x125, calling libcoreclr.so!pthread_cond_timedwait
00007FFF557F7BD0 00007ffff64b4bc4 libcoreclr.so!CorUnix::CPalSynchronizationManager::BlockThread(CorUnix::CPalThread*, unsigned int, bool, bool, CorUnix::ThreadWakeupReason*, unsigned int*) + 0x184, calling libcoreclr.so!CorUnix::CPalSynchronizationManager::ThreadNativeWait(CorUnix::_ThreadNativeWaitData*, unsigned int, CorUnix::ThreadWakeupReason*, unsigned int*)
00007FFF557F7C30 00007ffff64b9594 libcoreclr.so!CorUnix::InternalWaitForMultipleObjectsEx(CorUnix::CPalThread*, unsigned int, void* const*, int, unsigned int, int, int) + 0x714
00007FFF557F7DC0 00007ffff64b97c4 libcoreclr.so!PAL_WaitForSingleObjectPrioritized + 0x54, calling libcoreclr.so!CorUnix::InternalWaitForMultipleObjectsEx(CorUnix::CPalThread*, unsigned int, void* const*, int, unsigned int, int, int)
00007FFF557F7DF0 00007ffff61fe25d libcoreclr.so!CLRLifoSemaphore::WaitForSignal(unsigned int) + 0x10d, calling libcoreclr.so!PAL_WaitForSingleObjectPrioritized
00007FFF557F7E30 00007ffff61fe587 libcoreclr.so!CLRLifoSemaphore::Wait(unsigned int, unsigned int, unsigned int) + 0x267, calling libcoreclr.so!CLRLifoSemaphore::WaitForSignal(unsigned int)
00007FFF557F7E90 00007ffff6149bb7 libcoreclr.so!ThreadpoolMgr::WorkerThreadStart(void*) + 0x3a7, calling libcoreclr.so!CLRLifoSemaphore::Wait(unsigned int, unsigned int, unsigned int)
00007FFF557F7EF0 00007ffff64bfa62 libcoreclr.so!CorUnix::CPalThread::ThreadEntry(void*) + 0x132
00007FFF557F7FB0 00007ffff6e5241d libc.so.6!__clone + 0x6d [/build/glibc-Cl5G7W/glibc-2.23/misc/../sysdeps/unix/sysv/linux/x86_64/clone.S:111]
---------------------------------------------
Thread   8
TEB information is not available so a stack size of 0xFFFF is assumed
Current frame: libpthread.so.0!__pthread_cond_timedwait + 0x129
Child-SP         RetAddr          Caller, Callee
00007FFF54FF6B70 00007ffff64b4fa5 libcoreclr.so!CorUnix::CPalSynchronizationManager::ThreadNativeWait(CorUnix::_ThreadNativeWaitData*, unsigned int, CorUnix::ThreadWakeupReason*, unsigned int*) + 0x125, calling libcoreclr.so!pthread_cond_timedwait
00007FFF54FF6BD0 00007ffff64b4bc4 libcoreclr.so!CorUnix::CPalSynchronizationManager::BlockThread(CorUnix::CPalThread*, unsigned int, bool, bool, CorUnix::ThreadWakeupReason*, unsigned int*) + 0x184, calling libcoreclr.so!CorUnix::CPalSynchronizationManager::ThreadNativeWait(CorUnix::_ThreadNativeWaitData*, unsigned int, CorUnix::ThreadWakeupReason*, unsigned int*)
00007FFF54FF6C30 00007ffff64b9594 libcoreclr.so!CorUnix::InternalWaitForMultipleObjectsEx(CorUnix::CPalThread*, unsigned int, void* const*, int, unsigned int, int, int) + 0x714
00007FFF54FF6DC0 00007ffff64b97c4 libcoreclr.so!PAL_WaitForSingleObjectPrioritized + 0x54, calling libcoreclr.so!CorUnix::InternalWaitForMultipleObjectsEx(CorUnix::CPalThread*, unsigned int, void* const*, int, unsigned int, int, int)
00007FFF54FF6DF0 00007ffff61fe25d libcoreclr.so!CLRLifoSemaphore::WaitForSignal(unsigned int) + 0x10d, calling libcoreclr.so!PAL_WaitForSingleObjectPrioritized
00007FFF54FF6E30 00007ffff61fe587 libcoreclr.so!CLRLifoSemaphore::Wait(unsigned int, unsigned int, unsigned int) + 0x267, calling libcoreclr.so!CLRLifoSemaphore::WaitForSignal(unsigned int)
00007FFF54FF6E90 00007ffff6149bb7 libcoreclr.so!ThreadpoolMgr::WorkerThreadStart(void*) + 0x3a7, calling libcoreclr.so!CLRLifoSemaphore::Wait(unsigned int, unsigned int, unsigned int)
00007FFF54FF6EF0 00007ffff64bfa62 libcoreclr.so!CorUnix::CPalThread::ThreadEntry(void*) + 0x132
00007FFF54FF6FB0 00007ffff6e5241d libc.so.6!__clone + 0x6d [/build/glibc-Cl5G7W/glibc-2.23/misc/../sysdeps/unix/sysv/linux/x86_64/clone.S:111]
---------------------------------------------
Thread  17
TEB information is not available so a stack size of 0xFFFF is assumed
Current frame: libpthread.so.0!__pthread_cond_timedwait + 0x129
Child-SP         RetAddr          Caller, Callee
00007FFF2FFFEB40 00007ffff64b4fa5 libcoreclr.so!CorUnix::CPalSynchronizationManager::ThreadNativeWait(CorUnix::_ThreadNativeWaitData*, unsigned int, CorUnix::ThreadWakeupReason*, unsigned int*) + 0x125, calling libcoreclr.so!pthread_cond_timedwait
00007FFF2FFFEBA0 00007ffff64b4bc4 libcoreclr.so!CorUnix::CPalSynchronizationManager::BlockThread(CorUnix::CPalThread*, unsigned int, bool, bool, CorUnix::ThreadWakeupReason*, unsigned int*) + 0x184, calling libcoreclr.so!CorUnix::CPalSynchronizationManager::ThreadNativeWait(CorUnix::_ThreadNativeWaitData*, unsigned int, CorUnix::ThreadWakeupReason*, unsigned int*)
00007FFF2FFFEC00 00007ffff64b9594 libcoreclr.so!CorUnix::InternalWaitForMultipleObjectsEx(CorUnix::CPalThread*, unsigned int, void* const*, int, unsigned int, int, int) + 0x714
00007FFF2FFFED90 00007ffff64b9839 libcoreclr.so!WaitForSingleObjectEx + 0x59, calling libcoreclr.so!CorUnix::InternalWaitForMultipleObjectsEx(CorUnix::CPalThread*, unsigned int, void* const*, int, unsigned int, int, int)
00007FFF2FFFEDA0 00007ffff64b5f61 libcoreclr.so!CorUnix::CPalSynchronizationManager::CreateSynchStateController(CorUnix::CPalThread*, CorUnix::CObjectType*, void*, CorUnix::ObjectDomain, CorUnix::ISynchStateController**) + 0x81, calling libcoreclr.so!CorUnix::CSynchControllerBase::Init(CorUnix::CPalThread*, CorUnix::CSynchControllerBase::ControllerType, CorUnix::ObjectDomain, CorUnix::CObjectType*, CorUnix::CSynchData*, CorUnix::WaitDomain)
00007FFF2FFFEDD0 00007ffff61fdd91 libcoreclr.so!CLREventBase::WaitEx(unsigned int, WaitMode, PendingSync*) + 0xd1, calling libcoreclr.so!WaitForSingleObjectEx
00007FFF2FFFEE70 00007ffff6372be7 libcoreclr.so!WKS::gc_heap::bgc_thread_function() + 0xf7, calling libcoreclr.so!GCEvent::Wait(unsigned int, bool)
00007FFF2FFFEEB0 00007ffff6383c92 libcoreclr.so!(anonymous namespace)::CreateSuspendableThread(void (*)(void*), void*, char const*)::$_0::__invoke(void*) + 0xd2
00007FFF2FFFEEF0 00007ffff64bfa62 libcoreclr.so!CorUnix::CPalThread::ThreadEntry(void*) + 0x132
00007FFF2FFFEFB0 00007ffff6e5241d libc.so.6!__clone + 0x6d [/build/glibc-Cl5G7W/glibc-2.23/misc/../sysdeps/unix/sysv/linux/x86_64/clone.S:111]
00007FFF3000A480 00007ffff7124f83 libgcc_s.so.1!___lldb_unnamed_symbol16$$libgcc_s.so.1 + 0x43
00007FFF3000A530 00007fff7d05c723 (MethodDesc 00007fff7d2d9b18 + 0x93 Sparrow.Json.BlittableJsonDocumentBuilder.ThrowExpectedProperty()), calling libcoreclr.so!IL_Throw(Object*)
00007FFF3000A750 00007ffff7de6ac6 ld-linux-x86-64.so.2!___lldb_unnamed_symbol47$$ld-linux-x86-64.so.2 + 0xd6, calling ld-linux-x86-64.so.2!___lldb_unnamed_symbol33$$ld-linux-x86-64.so.2
00007FFF3000A780 00007ffff7dee923 ld-linux-x86-64.so.2!___lldb_unnamed_symbol95$$ld-linux-x86-64.so.2 + 0xb3, calling ld-linux-x86-64.so.2!___lldb_unnamed_symbol47$$ld-linux-x86-64.so.2
00007FFF3000A8E0 00007ffff6dcf53c libc.so.6!__GI___libc_free + 0x4c [/build/glibc-Cl5G7W/glibc-2.23/malloc/malloc.c:2969], calling libc.so.6!_int_free [/build/glibc-Cl5G7W/glibc-2.23/malloc/malloc.c:3841]
00007FFF3000A918 00007fff7d05c723 (MethodDesc 00007fff7d2d9b18 + 0x93 Sparrow.Json.BlittableJsonDocumentBuilder.ThrowExpectedProperty()), calling libcoreclr.so!IL_Throw(Object*)
00007FFF3000ADD0 00007ffff7124f83 libgcc_s.so.1!___lldb_unnamed_symbol16$$libgcc_s.so.1 + 0x43
00007FFF3000AE58 00007ffff61a90b0 libcoreclr.so!IL_Throw(Object*) + 0x1a0, calling libcoreclr.so!RaiseTheExceptionInternalOnly(Object*, int, int)
00007FFF3000AE80 00007fff7cb38acf (MethodDesc 00007fff7c63e750 + 0x1f System.Runtime.ExceptionServices.ExceptionDispatchInfo.Throw()), calling libcoreclr.so!IL_Throw(Object*)
00007FFF3000B110 00007ffff61a9123 libcoreclr.so!IL_Throw(Object*) + 0x213, calling libcoreclr.so!__clang_call_terminate
00007FFF3000B1B0 00007ffff61a90b0 libcoreclr.so!IL_Throw(Object*) + 0x1a0, calling libcoreclr.so!RaiseTheExceptionInternalOnly(Object*, int, int)
00007FFF3000B230 00007ffff6dcf53c libc.so.6!__GI___libc_free + 0x4c [/build/glibc-Cl5G7W/glibc-2.23/malloc/malloc.c:2969], calling libc.so.6!_int_free [/build/glibc-Cl5G7W/glibc-2.23/malloc/malloc.c:3841]
00007FFF3000B268 00007fff7cb38acf (MethodDesc 00007fff7c63e750 + 0x1f System.Runtime.ExceptionServices.ExceptionDispatchInfo.Throw()), calling libcoreclr.so!IL_Throw(Object*)
---------------------------------------------
Thread  18
TEB information is not available so a stack size of 0xFFFF is assumed
Current frame: libpthread.so.0!__pthread_cond_timedwait + 0x129
Child-SP         RetAddr          Caller, Callee
00007FFF11730B70 00007ffff64b4fa5 libcoreclr.so!CorUnix::CPalSynchronizationManager::ThreadNativeWait(CorUnix::_ThreadNativeWaitData*, unsigned int, CorUnix::ThreadWakeupReason*, unsigned int*) + 0x125, calling libcoreclr.so!pthread_cond_timedwait
00007FFF11730BD0 00007ffff64b4bc4 libcoreclr.so!CorUnix::CPalSynchronizationManager::BlockThread(CorUnix::CPalThread*, unsigned int, bool, bool, CorUnix::ThreadWakeupReason*, unsigned int*) + 0x184, calling libcoreclr.so!CorUnix::CPalSynchronizationManager::ThreadNativeWait(CorUnix::_ThreadNativeWaitData*, unsigned int, CorUnix::ThreadWakeupReason*, unsigned int*)
00007FFF11730C30 00007ffff64b9594 libcoreclr.so!CorUnix::InternalWaitForMultipleObjectsEx(CorUnix::CPalThread*, unsigned int, void* const*, int, unsigned int, int, int) + 0x714
00007FFF11730DC0 00007ffff64b97c4 libcoreclr.so!PAL_WaitForSingleObjectPrioritized + 0x54, calling libcoreclr.so!CorUnix::InternalWaitForMultipleObjectsEx(CorUnix::CPalThread*, unsigned int, void* const*, int, unsigned int, int, int)
00007FFF11730DF0 00007ffff61fe170 libcoreclr.so!CLRLifoSemaphore::WaitForSignal(unsigned int) + 0x20, calling libcoreclr.so!PAL_WaitForSingleObjectPrioritized
00007FFF11730E30 00007ffff61fe587 libcoreclr.so!CLRLifoSemaphore::Wait(unsigned int, unsigned int, unsigned int) + 0x267, calling libcoreclr.so!CLRLifoSemaphore::WaitForSignal(unsigned int)
00007FFF11730E90 00007ffff6149bb7 libcoreclr.so!ThreadpoolMgr::WorkerThreadStart(void*) + 0x3a7, calling libcoreclr.so!CLRLifoSemaphore::Wait(unsigned int, unsigned int, unsigned int)
00007FFF11730EF0 00007ffff64bfa62 libcoreclr.so!CorUnix::CPalThread::ThreadEntry(void*) + 0x132
00007FFF11730FB0 00007ffff6e5241d libc.so.6!__clone + 0x6d [/build/glibc-Cl5G7W/glibc-2.23/misc/../sysdeps/unix/sysv/linux/x86_64/clone.S:111]
(lldb) bt
* thread #1: tid = 29009, 0x00007ffff6d80428 libc.so.6`__GI_raise(sig=6) + 56 at raise.c:54, name = 'Repro', stop reason = signal SIGABRT
  * frame #0: 0x00007ffff6d80428 libc.so.6`__GI_raise(sig=6) + 56 at raise.c:54
    frame #1: 0x00007ffff6d8202a libc.so.6`__GI_abort + 362 at abort.c:89
    frame #2: 0x00007ffff64bdd73 libcoreclr.so`PROCAbort + 19
    frame #3: 0x00007ffff64bcbdb libcoreclr.so`PROCEndProcess(void*, unsigned int, int) + 235
    frame #4: 0x00007ffff622c668 libcoreclr.so`UnwindManagedExceptionPass1(PAL_SEHException&, _CONTEXT*) + 760
    frame #5: 0x00007ffff622c7e3 libcoreclr.so`DispatchManagedException(PAL_SEHException&, bool) + 275
    frame #6: 0x00007ffff61a91da libcoreclr.so`IL_Throw(Object*) + 714
    frame #7: 0x00007fff7cb38acf
    frame #8: 0x00007fff7d1bccd5
    frame #9: 0x00007fff7d1bbdca
    frame #10: 0x00007fff7d0518e7
    frame #11: 0x00007ffff6238eaf libcoreclr.so`CallDescrWorkerInternal + 124
    frame #12: 0x00007ffff61595dc libcoreclr.so`MethodDescCallSite::CallTargetWorker(unsigned long const*, unsigned long*, int) + 940
    frame #13: 0x00007ffff625a046 libcoreclr.so`RunMain(MethodDesc*, short, int*, PtrArray**) + 742
    frame #14: 0x00007ffff625a2e5 libcoreclr.so`Assembly::ExecuteMainMethod(PtrArray**, int) + 229
    frame #15: 0x00007ffff60a2e92 libcoreclr.so`CorHost2::ExecuteAssembly(unsigned int, char16_t const*, int, char16_t const**, unsigned int*) + 482
    frame #16: 0x00007ffff607dfb4 libcoreclr.so`coreclr_execute_assembly + 212
    frame #17: 0x00007ffff685587d libhostpolicy.so`___lldb_unnamed_symbol1550$$libhostpolicy.so + 125
    frame #18: 0x00007ffff68482fd libhostpolicy.so`___lldb_unnamed_symbol1269$$libhostpolicy.so + 6781
    frame #19: 0x00007ffff6848b4c libhostpolicy.so`corehost_main + 236
    frame #20: 0x00007ffff6afbcbf libhostfxr.so`___lldb_unnamed_symbol1564$$libhostfxr.so + 207
    frame #21: 0x00007ffff6b0736c libhostfxr.so`___lldb_unnamed_symbol1609$$libhostfxr.so + 5436
    frame #22: 0x00007ffff6b084c5 libhostfxr.so`___lldb_unnamed_symbol1612$$libhostfxr.so + 437
    frame #23: 0x00007ffff6b07a39 libhostfxr.so`___lldb_unnamed_symbol1610$$libhostfxr.so + 1001
    frame #24: 0x00007ffff6afbf0c libhostfxr.so`hostfxr_main_startupinfo + 156
    frame #25: 0x000000000040b12f Repro`___lldb_unnamed_symbol31$$Repro + 1375
    frame #26: 0x000000000040b3c5 Repro`___lldb_unnamed_symbol32$$Repro + 165
    frame #27: 0x00007ffff6d6b830 libc.so.6`__libc_start_main(main=(Repro`___lldb_unnamed_symbol32$$Repro), argc=1, argv=0x00007fffffffe4c8, init=<unavailable>, fini=<unavailable>, rtld_fini=<unavailable>, stack_end=0x00007fffffffe4b8) + 240 at libc-start.c:291
    frame #28: 0x0000000000408ab4 Repro`_start + 41
(lldb) register read
General Purpose Registers:
       rax = 0x0000000000000000
       rbx = 0x0000000000000001
       rcx = 0x00007ffff6d80428  libc.so.6`__GI_raise + 56 at raise.c:54
       rdx = 0x0000000000000006
       rdi = 0x0000000000007151
       rsi = 0x0000000000007151
       rbp = 0x00007fffffffa420
       rsp = 0x00007fffffffa2e8
        r8 = 0x0000000000000000
        r9 = 0x0000000000000001
       r10 = 0x0000000000000008
       r11 = 0x0000000000000202
       r12 = 0x00007fffffffaa00
       r13 = 0x0000000000000000
       r14 = 0x0000000000000001
       r15 = 0x0000000000000000
       rip = 0x00007ffff6d80428  libc.so.6`__GI_raise + 56 at raise.c:54
    rflags = 0x0000000000000202
        cs = 0x0000000000000033
        fs = 0x0000000000000000
        gs = 0x0000000000000000
        ss = 0x000000000000002b
        ds = 0x0000000000000000
        es = 0x0000000000000000

(lldb) disassemble -f
libc.so.6`__GI_raise:
    0x7ffff6d803f0 <+0>:   movl   %fs:0x2d4, %ecx
    0x7ffff6d803f8 <+8>:   movl   %fs:0x2d0, %eax
    0x7ffff6d80400 <+16>:  movslq %eax, %rsi
    0x7ffff6d80403 <+19>:  testl  %esi, %esi
    0x7ffff6d80405 <+21>:  jne    0x7ffff6d80438            ; <+72> at raise.c:51
    0x7ffff6d80407 <+23>:  movl   $0xba, %eax
    0x7ffff6d8040c <+28>:  syscall 
    0x7ffff6d8040e <+30>:  movl   %eax, %ecx
    0x7ffff6d80410 <+32>:  movl   %eax, %fs:0x2d0
    0x7ffff6d80418 <+40>:  movslq %eax, %rsi
    0x7ffff6d8041b <+43>:  movslq %edi, %rdx
    0x7ffff6d8041e <+46>:  movl   $0xea, %eax
    0x7ffff6d80423 <+51>:  movslq %ecx, %rdi
    0x7ffff6d80426 <+54>:  syscall 
->  0x7ffff6d80428 <+56>:  cmpq   $-0x1000, %rax            ; imm = 0xF000 
    0x7ffff6d8042e <+62>:  ja     0x7ffff6d80450            ; <+96> at raise.c:54
    0x7ffff6d80430 <+64>:  rep    
    0x7ffff6d80431 <+65>:  retq   
    0x7ffff6d80432 <+66>:  nopw   (%rax,%rax)
    0x7ffff6d80438 <+72>:  testl  %ecx, %ecx
    0x7ffff6d8043a <+74>:  jg     0x7ffff6d8041b            ; <+43> at raise.c:54
    0x7ffff6d8043c <+76>:  movl   %ecx, %edx
    0x7ffff6d8043e <+78>:  negl   %edx
    0x7ffff6d80440 <+80>:  andl   $0x7fffffff, %ecx         ; imm = 0x7FFFFFFF 
    0x7ffff6d80446 <+86>:  cmovel %esi, %edx
    0x7ffff6d80449 <+89>:  movl   %edx, %ecx
    0x7ffff6d8044b <+91>:  jmp    0x7ffff6d8041b            ; <+43> at raise.c:54
    0x7ffff6d8044d <+93>:  nopl   (%rax)
    0x7ffff6d80450 <+96>:  movq   0x38ea21(%rip), %rdx
    0x7ffff6d80457 <+103>: negl   %eax
    0x7ffff6d80459 <+105>: movl   %eax, %fs:(%rdx)
    0x7ffff6d8045c <+108>: movl   $0xffffffff, %eax         ; imm = 0xFFFFFFFF 
    0x7ffff6d80461 <+113>: retq   
(lldb) 


```

**Comment by ayende** [comment]
Some note on this.
What this repro code is doing is basically running a JSON parser (we wrote our own, for speed) in parallel.
This code runs perfectly when running on a single thread or when processing a small amount of text.
When dealing with roughly 2MB of JSON and about 20 concurrent threads, we start seeing really crazy exceptions.
They range from invariants being broken to `SIGSEGV` and `SIGABRT` from the runtime.

I'm pretty sure that this is heap corruption at some level, but we narrow this repro down significantly and haven't been able to isolate anything here that can do it. The JSON parser, in particular, is _really_ heavily used by us and I believe that we would have found anything related to that long ago. 

We also tried to reduce the surface area as much as possible. Each thread is completely isolated, there is no shared state, etc. Native memory is allocated directly via `Marshal.AllocateHGlobal` and freed as well.

Any ideas how to proceed from here?

**Comment by aviviadi** [comment]
A seperate branch to a specific previous commit was added, where it fails more often in 2.1.5 (in 2.1.4 every 2-3 runs, on 2.1.5 every 7-8 runs) : [FailingBoth2.1.4And5](https://github.com/aviviadi/ReproCrash/tree/FailingBoth2.1.4And5)

**Comment by janvorli** [comment]
I've built your repro (the new branch) compiled with 2.1.5 on my Ubuntu 18.04 running in a VM with 4GB of RAM and 6 CPUs. I've ran it multiple times and it always passes first 45..47 iterations and then it gets killed (my guess is due to OOM).
I will try to run it on a physical box next week, but I wonder if it is possible that there is something wrong with the machine you are using to run the tests.

**Comment by ayende** [comment]
We have tested this on multiple machines, so I don't think that this is related to that.
The test shouldn't use too much memory or accrue it over time, IIRC, so OOM seems strange.

**Comment by janvorli** [comment]
It is definitely OOM, I've changed my VM to use 16GB of RAM and now it gets killed after 124 iterations. 
This is what "top" shows me at about 100 iterations:
```
   PID USER      PR  NI    VIRT    RES    SHR S  %CPU %MEM     TIME+ COMMAND
  1942 janvorli  20   0 18.424g 0.015t   9548 R 321.5 95.8   6:51.43 Repro
```

What is the Linux distro and HW spec of the machine you are using?

**Comment by maximburyak** [comment]
Hi, 
Thanks for looking into that!
This repro might reach oom, but in a certain probability (~ 1 in 1000 runs) it will exit on code 139 as well.
After lots of code reduction, we've been able to reach a minimal repro, see: https://github.com/maximburyak/ReproCrash/tree/VerySmallRepro
It crashes after reaching 32-32 iterations of the loop on the next machine:

Ram: 8 gig
OS: ubuntu 18.04
Dotnet: 2.1.5

**Comment by janvorli** [comment]
@maximburyak thank you! I've been finally able to repro the issue.

**Comment by janvorli** [comment]
It looks like a native heap corruption, based on the stack trace I keep getting (with libc-dbg package installed):
```
Process 2572 stopped
* thread #8, name = 'SmallerRepro', stop reason = signal SIGSEGV: address access protected (fault address: 0x7fff4f435c58)

(lldb) clrstack -f
OS Thread Id: 0xaf4 (8)
        Child SP               IP Call Site
00007FFF57FFC3B0 00007FFFF6D15B61 libc.so.6!sysmalloc + 449 at /build/glibc-OTsEL5/glibc-2.27/malloc/malloc.c:2419
00007FFF57FFC430 00007FFFF6D16FF0 libc.so.6!_int_malloc + 3360 at /build/glibc-OTsEL5/glibc-2.27/malloc/malloc.c:4126
00007FFF57FFC4F0 00007FFFF6D192ED libc.so.6!__GI___libc_malloc + 637 at /build/glibc-OTsEL5/glibc-2.27/malloc/malloc.c:3068
00007FFF57FFC520 00007FFFF63D29FC libcoreclr.so!HeapAlloc + 44
00007FFF57FFC550 00007FFF7C995364
00007FFF57FFC560                  [InlinedCallFrame: 00007fff57ffc560] System.Private.CoreLib.dll!Microsoft.Win32.Win32Native.LocalAlloc_NoSafeHandle(Int32, UIntPtr)
00007FFF57FFC560                  [InlinedCallFrame: 00007fff57ffc560] System.Private.CoreLib.dll!Microsoft.Win32.Win32Native.LocalAlloc_NoSafeHandle(Int32, UIntPtr)
00007FFF57FFC550 00007FFF7C995364 System.Private.CoreLib.dll!System.Runtime.InteropServices.Marshal.AllocHGlobal(IntPtr) + 100
00007FFF57FFC5D0 00007FFF7CF83B27 SmallerRepro.dll!SmallerRepro.Program+<>c__DisplayClass0_0.<Main>b__0(Int32) + 231 [/home/janvorli/git/ReproCrash/Program.cs @ 47]
00007FFF57FFC6B0 00007FFF7D0F0060 System.Threading.Tasks.Parallel.dll!System.Threading.Tasks.Parallel+<>c__DisplayClass19_0`1[[System.__Canon, System.Private.CoreLib]].<ForWorker>b__1(System.Threading.Tasks.RangeWorker ByRef, Int32, Boolean ByRef) + 480
00007FFF57FFC730 00007FFF7D0F2E65 System.Threading.Tasks.Parallel.dll!System.Threading.Tasks.TaskReplicator+Replica`1[[System.Threading.Tasks.RangeWorker, System.Threading.Tasks.Parallel]].ExecuteAction(Boolean ByRef) + 37
00007FFF57FFC740 00007FFF7D0F2B67 System.Threading.Tasks.Parallel.dll!System.Threading.Tasks.TaskReplicator+Replica.Execute() + 119
00007FFF57FFC7A0 00007FFF7D0F2D39 System.Threading.Tasks.Parallel.dll!System.Threading.Tasks.TaskReplicator+Replica+<>c.<Execute>b__7_0(System.Object) + 25
00007FFF57FFC7B0 00007FFF7CA0D63D System.Private.CoreLib.dll!System.Threading.ExecutionContext.RunInternal(System.Threading.ExecutionContext, System.Threading.ContextCallback, System.Object) + 141
00007FFF57FFC810 00007FFF7CA4FD4C System.Private.CoreLib.dll!System.Threading.Tasks.Task.ExecuteWithThreadLocal(System.Threading.Tasks.Task ByRef) + 364
00007FFF57FFC8A0 00007FFF7CA9D338 System.Private.CoreLib.dll!System.Threading.ThreadPoolWorkQueue.Dispatch() + 408
00007FFF57FFC910 00007FFFF616EEAF libcoreclr.so!CallDescrWorkerInternal + 124
00007FFF57FFC930 00007FFFF608F5DC libcoreclr.so!MethodDescCallSite::CallTargetWorker(unsigned long const*, unsigned long*, int) + 940
00007FFF57FFCB00 00007FFFF620F885 libcoreclr.so!QueueUserWorkItemManagedCallback(void*) + 181
00007FFF57FFCC20 00007FFFF6060F0D libcoreclr.so!ManagedThreadBase_DispatchOuter(ManagedThreadCallState*) + 413
00007FFF57FFCC70                  [DebuggerU2MCatchHandlerFrame: 00007fff57ffcc70]
00007FFF57FFCD40 00007FFFF6061670 libcoreclr.so!ManagedThreadBase::ThreadPool(ADID, void (*)(void*), void*) + 64
00007FFF57FFCD90 00007FFFF61F3A87 libcoreclr.so!ManagedPerAppDomainTPCount::DispatchWorkItem(bool*, bool*) + 295
00007FFF57FFCE80 00007FFFF607FD03 libcoreclr.so!ThreadpoolMgr::WorkerThreadStart(void*) + 1267
00007FFF57FFCEE0 00007FFFF63F5B62 libcoreclr.so!CorUnix::CPalThread::ThreadEntry(void*) + 306
00007FFF57FFCF00 00007FFFF79B96DB libpthread.so.0!start_thread + 219 at /build/glibc-OTsEL5/glibc-2.27/nptl/pthread_create.c:463
00007FFF57FFCFC0 00007FFFF6DA388F libc.so.6!__GI___clone + 63 at /build/glibc-OTsEL5/glibc-2.27/sysdeps/unix/sysv/linux/x86_64/clone.S:97
```

I'll look into it in more detail early next week, but in the meanwhile I would recommend trying to run it under some memory debugger, like valgrind or build your own coreclr with the mcheck enabled (http://man7.org/linux/man-pages/man3/mcheck.3.html)

**Comment by aviviadi** [comment]
`valgrind` hangs on `thread_wrapper` (even with --fair-sched=yes) when running the published executable, before reaching user code (does dotnet cannot start in a single thread execution?)

`DrMemory` crashes internally on dotnet run.. 

Anyhow, even when replacing `Marshal.GlobalHAlloc` with external allocation (i.e. : libc's `mmap64`, it fails on the second/third iteration with SEGV, so it seems to be GC's problem)

**Comment by aviviadi** [comment]
..and with external call to malloc() instead of GlobalHAlloc.. ;)

**Comment by maximburyak** [comment]
@janvorli thanks for looking into that, we found out that our the above test fails on segfault due to incorrect usage of mprotect (usage of analigned addresses). We'll continue investigating and let you know if we find something substantial.

**Comment by janvorli** [comment]
Yes, address ranges passed to mprotect must be aligned to memory page boundary (both the start and length). And please note that while on most systems the page size is 4096 bytes, on ARM64 Linux, the memory page can also be 64kB on some distros (based on the options used to compile the kernel).

**Comment by janvorli** [comment]
Your problem due to the mprotect is here:
https://github.com/aviviadi/ReproCrash/blob/FailingBoth2.1.4And5/Sparrow/Json/Parsing/UnmanagedWriteBuffer.cs#L161

**Comment by maximburyak** [comment]
@janvorli thanks about the heads up on the page size!
We are still making sure that the original issue, we were trying to replicate here does not occure. Probably our original issue was due to 2.1.4's struct corruption problem, that was fixed in 2.1.5. We'll post an update tomorrow.

**Comment by aviviadi** [comment]
I can confirm (for now, after many test runs), 2.1.5 doesn't suffer from the heap corruption.
It happens only in 2.1.4..
