### ISSUE TITLE
x86: Fix release failures introduced by #7837

### ISSUE THREAD

**Issue by adiaaida** [dotnet/coreclr#7879]
#7837 introduced 13 failures in the release test run of x86 ryujit:

```
14:13:21 D:\j\workspace\x86_ryujit_re---d4224ac5\bin\tests\Windows_NT.x86.Release\TestWrappers\Exceptions\Exceptions.XUnitWrapper.cs(174): error : Exceptions._ForeignThread_ForeignThreadExceptions_ForeignThreadExceptions_._ForeignThread_ForeignThreadExceptions_ForeignThreadExceptions_cmd [FAIL] [D:\j\workspace\x86_ryujit_re---d4224ac5\tests\runtest.proj]
14:13:21         
14:13:21   
14:13:21   Return code:      1
14:13:21   Raw output file:      D:\j\workspace\x86_ryujit_re---d4224ac5\bin\tests\Windows_NT.x86.Release\Reports\Exceptions\ForeignThread\ForeignThreadExceptions\ForeignThreadExceptions.output.txt
14:13:21   Raw output:
14:13:21   BEGIN EXECUTION
14:13:21          "D:\j\workspace\x86_ryujit_re---d4224ac5\tests\..\bin\tests\Windows_NT.x86.Release\Tests\Core_Root\corerun.exe" ForeignThreadExceptions.exe 
14:13:21         Expected: 100
14:13:21         Actual: -1073741819
14:13:21         END EXECUTION - FAILED
14:13:21         FAILED
14:13:21         Test Harness Exitcode is : 1
14:13:21         
14:13:21   To run the test:
14:13:21   > set CORE_ROOT=D:\j\workspace\x86_ryujit_re---d4224ac5\bin\tests\Windows_NT.x86.Release\Tests\Core_Root
14:13:21   > D:\j\workspace\x86_ryujit_re---d4224ac5\bin\tests\Windows_NT.x86.Release\Exceptions\ForeignThread\ForeignThreadExceptions\ForeignThreadExceptions.cmd
14:13:21   
14:13:21         Expected: True
14:13:21         Actual:   False
14:13:21           D:\j\workspace\x86_ryujit_re---d4224ac5\bin\tests\Windows_NT.x86.Release\TestWrappers\Exceptions\Exceptions.XUnitWrapper.cs(174,0): at Exceptions._ForeignThread_ForeignThreadExceptions_ForeignThreadExceptions_._ForeignThread_ForeignThreadExceptions_ForeignThreadExceptions_cmd()
14:13:21     Finished:    Exceptions.XUnitWrapper
14:13:21     Discovering: readytorun.XUnitWrapper
14:13:21 D:\j\workspace\x86_ryujit_re---d4224ac5\bin\tests\Windows_NT.x86.Release\TestWrappers\Interop\Interop.XUnitWrapper.cs(2727): error : Interop._StringMarshalling_LPSTR_LPSTRTest_LPSTRTest_._StringMarshalling_LPSTR_LPSTRTest_LPSTRTest_cmd [FAIL] [D:\j\workspace\x86_ryujit_re---d4224ac5\tests\runtest.proj]
14:13:21         
14:13:21   
14:13:21   Return code:      1
14:13:21   Raw output file:      D:\j\workspace\x86_ryujit_re---d4224ac5\bin\tests\Windows_NT.x86.Release\Reports\Interop\StringMarshalling\LPSTR\LPSTRTest\LPSTRTest.output.txt
14:13:21   Raw output:
14:13:21   BEGIN EXECUTION
14:13:21          "D:\j\workspace\x86_ryujit_re---d4224ac5\tests\..\bin\tests\Windows_NT.x86.Release\Tests\Core_Root\corerun.exe" LPSTRTest.exe 
14:13:21         Expected: 100
14:13:21         Actual: -1073741819
14:13:21         END EXECUTION - FAILED
14:13:21         FAILED
14:13:21         Test Harness Exitcode is : 1
14:13:21         
14:13:21   To run the test:
14:13:21   > set CORE_ROOT=D:\j\workspace\x86_ryujit_re---d4224ac5\bin\tests\Windows_NT.x86.Release\Tests\Core_Root
14:13:21   > D:\j\workspace\x86_ryujit_re---d4224ac5\bin\tests\Windows_NT.x86.Release\Interop\StringMarshalling\LPSTR\LPSTRTest\LPSTRTest.cmd
14:13:21   
14:13:21         Expected: True
14:13:21         Actual:   False
14:13:21           D:\j\workspace\x86_ryujit_re---d4224ac5\bin\tests\Windows_NT.x86.Release\TestWrappers\Interop\Interop.XUnitWrapper.cs(2727,0): at Interop._StringMarshalling_LPSTR_LPSTRTest_LPSTRTest_._StringMarshalling_LPSTR_LPSTRTest_LPSTRTest_cmd()
14:13:21     Discovered:  readytorun.XUnitWrapper
14:13:21     Starting:    readytorun.XUnitWrapper
14:13:22 D:\j\workspace\x86_ryujit_re---d4224ac5\bin\tests\Windows_NT.x86.Release\TestWrappers\Interop\Interop.XUnitWrapper.cs(243): error : Interop._BestFitMapping_BestFitMapping_BestFitMapping_._BestFitMapping_BestFitMapping_BestFitMapping_cmd [FAIL] [D:\j\workspace\x86_ryujit_re---d4224ac5\tests\runtest.proj]
14:13:22         
14:13:22   
14:13:22   Return code:      1
14:13:22   Raw output file:      D:\j\workspace\x86_ryujit_re---d4224ac5\bin\tests\Windows_NT.x86.Release\Reports\Interop\BestFitMapping\BestFitMapping\BestFitMapping.output.txt
14:13:22   Raw output:
14:13:22   BEGIN EXECUTION
14:13:22          "D:\j\workspace\x86_ryujit_re---d4224ac5\tests\..\bin\tests\Windows_NT.x86.Release\Tests\Core_Root\corerun.exe" BestFitMapping.exe 
14:13:22         Beginning scenario: Cdecl,LPStr,In
14:13:22         Beginning scenario: Cdecl,LPStr,Out
14:13:22         Beginning scenario: Cdecl,LPStr,InOut
14:13:22         Beginning scenario: Cdecl,LPStr,InRef
14:13:22         Beginning scenario: Cdecl,LPStr,OutRef
14:13:22         Beginning scenario: Cdecl,LPStr,InOutRef
14:13:22         Beginning scenario: Cdecl,LPStr,DelegatePInvoke
14:13:22         Beginning scenario: StdCall,LPStr,In
14:13:22         Beginning scenario: StdCall,LPStr,Out
14:13:22         Beginning scenario: StdCall,LPStr,InOut
14:13:22         Beginning scenario: StdCall,LPStr,InRef
14:13:22         Beginning scenario: StdCall,LPStr,OutRef
14:13:22         Beginning scenario: StdCall,LPStr,InOutRef
14:13:22         Beginning scenario: StdCall,LPStr,DelegatePInvoke
14:13:22         Expected: 100
14:13:22         Actual: -1073741819
14:13:22         END EXECUTION - FAILED
14:13:22         FAILED
14:13:22         Test Harness Exitcode is : 1
14:13:22         
14:13:22   To run the test:
14:13:22   > set CORE_ROOT=D:\j\workspace\x86_ryujit_re---d4224ac5\bin\tests\Windows_NT.x86.Release\Tests\Core_Root
14:13:22   > D:\j\workspace\x86_ryujit_re---d4224ac5\bin\tests\Windows_NT.x86.Release\Interop\BestFitMapping\BestFitMapping\BestFitMapping.cmd
14:13:22   
14:13:22         Expected: True
14:13:22         Actual:   False
14:13:22           D:\j\workspace\x86_ryujit_re---d4224ac5\bin\tests\Windows_NT.x86.Release\TestWrappers\Interop\Interop.XUnitWrapper.cs(243,0): at Interop._BestFitMapping_BestFitMapping_BestFitMapping_._BestFitMapping_BestFitMapping_BestFitMapping_cmd()
14:13:22     Discovering: Regressions.XUnitWrapper
14:13:22     Discovered:  Regressions.XUnitWrapper
14:13:22     Starting:    Regressions.XUnitWrapper
14:13:26 D:\j\workspace\x86_ryujit_re---d4224ac5\bin\tests\Windows_NT.x86.Release\TestWrappers\Interop\Interop.XUnitWrapper.cs(105): error : Interop._ArrayMarshalling_BoolArray_MarshalBoolArrayTest_MarshalBoolArrayTest_._ArrayMarshalling_BoolArray_MarshalBoolArrayTest_MarshalBoolArrayTest_cmd [FAIL] [D:\j\workspace\x86_ryujit_re---d4224ac5\tests\runtest.proj]
14:13:26         
14:13:26   
14:13:26   Return code:      1
14:13:26   Raw output file:      D:\j\workspace\x86_ryujit_re---d4224ac5\bin\tests\Windows_NT.x86.Release\Reports\Interop\ArrayMarshalling\BoolArray\MarshalBoolArrayTest\MarshalBoolArrayTest.output.txt
14:13:26   Raw output:
14:13:26   BEGIN EXECUTION
14:13:26          "D:\j\workspace\x86_ryujit_re---d4224ac5\tests\..\bin\tests\Windows_NT.x86.Release\Tests\Core_Root\corerun.exe" MarshalBoolArrayTest.exe 
14:13:26         Expected: 100
14:13:26         Actual: -1073741819
14:13:26         END EXECUTION - FAILED
14:13:26         FAILED
14:13:26         Test Harness Exitcode is : 1
14:13:26         
14:13:26   To run the test:
14:13:26   > set CORE_ROOT=D:\j\workspace\x86_ryujit_re---d4224ac5\bin\tests\Windows_NT.x86.Release\Tests\Core_Root
14:13:26   > D:\j\workspace\x86_ryujit_re---d4224ac5\bin\tests\Windows_NT.x86.Release\Interop\ArrayMarshalling\BoolArray\MarshalBoolArrayTest\MarshalBoolArrayTest.cmd
14:13:26   
14:13:26         Expected: True
14:13:26         Actual:   False
14:13:26           D:\j\workspace\x86_ryujit_re---d4224ac5\bin\tests\Windows_NT.x86.Release\TestWrappers\Interop\Interop.XUnitWrapper.cs(105,0): at Interop._ArrayMarshalling_BoolArray_MarshalBoolArrayTest_MarshalBoolArrayTest_._ArrayMarshalling_BoolArray_MarshalBoolArrayTest_MarshalBoolArrayTest_cmd()
14:13:26 D:\j\workspace\x86_ryujit_re---d4224ac5\bin\tests\Windows_NT.x86.Release\TestWrappers\Interop\Interop.XUnitWrapper.cs(2796): error : Interop._StringMarshalling_LPTSTR_LPTSTRTest_LPTSTRTest_._StringMarshalling_LPTSTR_LPTSTRTest_LPTSTRTest_cmd [FAIL] [D:\j\workspace\x86_ryujit_re---d4224ac5\tests\runtest.proj]
14:13:26         
14:13:26   
14:13:26   Return code:      1
14:13:26   Raw output file:      D:\j\workspace\x86_ryujit_re---d4224ac5\bin\tests\Windows_NT.x86.Release\Reports\Interop\StringMarshalling\LPTSTR\LPTSTRTest\LPTSTRTest.output.txt
14:13:26   Raw output:
14:13:26   BEGIN EXECUTION
14:13:26          "D:\j\workspace\x86_ryujit_re---d4224ac5\tests\..\bin\tests\Windows_NT.x86.Release\Tests\Core_Root\corerun.exe" LPTSTRTest.exe 
14:13:26         [Calling PInvokeDef.Marshal_InOut]
14:13:26         [Calling PInvokeDef.Marshal_Out]
14:13:26         [Calling PInvokeDef.MarshalPointer_InOut]
14:13:26         [Calling PInvokeDef.MarshalPointer_Out]
14:13:26         [Calling PInvokeDef.MarshalStrB_InOut]
14:13:26         [Calling PInvokeDef.MarshalStrB_Out]
14:13:26         [Calling PInvokeDef.MarshalStrWB_InOut]
14:13:26         Expected: 100
14:13:26         Actual: -1073741819
14:13:26         END EXECUTION - FAILED
14:13:26         FAILED
14:13:26         Test Harness Exitcode is : 1
14:13:26         
14:13:26   To run the test:
14:13:26   > set CORE_ROOT=D:\j\workspace\x86_ryujit_re---d4224ac5\bin\tests\Windows_NT.x86.Release\Tests\Core_Root
14:13:26   > D:\j\workspace\x86_ryujit_re---d4224ac5\bin\tests\Windows_NT.x86.Release\Interop\StringMarshalling\LPTSTR\LPTSTRTest\LPTSTRTest.cmd
14:13:26   
14:13:26         Expected: True
14:13:26         Actual:   False
14:13:26           D:\j\workspace\x86_ryujit_re---d4224ac5\bin\tests\Windows_NT.x86.Release\TestWrappers\Interop\Interop.XUnitWrapper.cs(2796,0): at Interop._StringMarshalling_LPTSTR_LPTSTRTest_LPTSTRTest_._StringMarshalling_LPTSTR_LPTSTRTest_LPTSTRTest_cmd()
14:13:27     Finished:    readytorun.XUnitWrapper
14:13:27 D:\j\workspace\x86_ryujit_re---d4224ac5\bin\tests\Windows_NT.x86.Release\TestWrappers\Interop\Interop.XUnitWrapper.cs(2865): error : Interop._StringMarshalling_UTF8_UTF8Test_UTF8Test_._StringMarshalling_UTF8_UTF8Test_UTF8Test_cmd [FAIL] [D:\j\workspace\x86_ryujit_re---d4224ac5\tests\runtest.proj]
14:13:27         
14:13:27   
14:13:27   Return code:      1
14:13:27   Raw output file:      D:\j\workspace\x86_ryujit_re---d4224ac5\bin\tests\Windows_NT.x86.Release\Reports\Interop\StringMarshalling\UTF8\UTF8Test\UTF8Test.output.txt
14:13:27   Raw output:
14:13:27   BEGIN EXECUTION
14:13:27          "D:\j\workspace\x86_ryujit_re---d4224ac5\tests\..\bin\tests\Windows_NT.x86.Release\Tests\Core_Root\corerun.exe" UTF8Test.exe 
14:13:27         Expected: 100
14:13:27         Actual: -1073741819
14:13:27         END EXECUTION - FAILED
14:13:27         FAILED
14:13:27         Test Harness Exitcode is : 1
14:13:27         
14:13:27   To run the test:
14:13:27   > set CORE_ROOT=D:\j\workspace\x86_ryujit_re---d4224ac5\bin\tests\Windows_NT.x86.Release\Tests\Core_Root
14:13:27   > D:\j\workspace\x86_ryujit_re---d4224ac5\bin\tests\Windows_NT.x86.Release\Interop\StringMarshalling\UTF8\UTF8Test\UTF8Test.cmd
14:13:27   
14:13:27         Expected: True
14:13:27         Actual:   False
14:13:27           D:\j\workspace\x86_ryujit_re---d4224ac5\bin\tests\Windows_NT.x86.Release\TestWrappers\Interop\Interop.XUnitWrapper.cs(2865,0): at Interop._StringMarshalling_UTF8_UTF8Test_UTF8Test_._StringMarshalling_UTF8_UTF8Test_UTF8Test_cmd()
14:13:29 D:\j\workspace\x86_ryujit_re---d4224ac5\bin\tests\Windows_NT.x86.Release\TestWrappers\Interop\Interop.XUnitWrapper.cs(312): error : Interop._FuncPtrAsDelegateParam_FuncPtrAsDelegateParam_FuncPtrAsDelegateParam_._FuncPtrAsDelegateParam_FuncPtrAsDelegateParam_FuncPtrAsDelegateParam_cmd [FAIL] [D:\j\workspace\x86_ryujit_re---d4224ac5\tests\runtest.proj]
14:13:29         
14:13:29   
14:13:29   Return code:      1
14:13:29   Raw output file:      D:\j\workspace\x86_ryujit_re---d4224ac5\bin\tests\Windows_NT.x86.Release\Reports\Interop\FuncPtrAsDelegateParam\FuncPtrAsDelegateParam\FuncPtrAsDelegateParam.output.txt
14:13:29   Raw output:
14:13:29   BEGIN EXECUTION
14:13:29          "D:\j\workspace\x86_ryujit_re---d4224ac5\tests\..\bin\tests\Windows_NT.x86.Release\Tests\Core_Root\corerun.exe" FuncPtrAsDelegateParam.exe 
14:13:29         Beginning scenario: ReversePInvoke Cdecl
14:13:29         Expected: 100
14:13:29         Actual: -1073741819
14:13:29         END EXECUTION - FAILED
14:13:29         FAILED
14:13:29         Test Harness Exitcode is : 1
14:13:29         
14:13:29   To run the test:
14:13:29   > set CORE_ROOT=D:\j\workspace\x86_ryujit_re---d4224ac5\bin\tests\Windows_NT.x86.Release\Tests\Core_Root
14:13:29   > D:\j\workspace\x86_ryujit_re---d4224ac5\bin\tests\Windows_NT.x86.Release\Interop\FuncPtrAsDelegateParam\FuncPtrAsDelegateParam\FuncPtrAsDelegateParam.cmd
14:13:29   
14:13:29         Expected: True
14:13:29         Actual:   False
14:13:29           D:\j\workspace\x86_ryujit_re---d4224ac5\bin\tests\Windows_NT.x86.Release\TestWrappers\Interop\Interop.XUnitWrapper.cs(312,0): at Interop._FuncPtrAsDelegateParam_FuncPtrAsDelegateParam_FuncPtrAsDelegateParam_._FuncPtrAsDelegateParam_FuncPtrAsDelegateParam_FuncPtrAsDelegateParam_cmd()
14:13:29 D:\j\workspace\x86_ryujit_re---d4224ac5\bin\tests\Windows_NT.x86.Release\TestWrappers\Interop\Interop.XUnitWrapper.cs(2451): error : Interop._RefCharArray_RefCharArrayTest_RefCharArrayTest_._RefCharArray_RefCharArrayTest_RefCharArrayTest_cmd [FAIL] [D:\j\workspace\x86_ryujit_re---d4224ac5\tests\runtest.proj]
14:13:29         
14:13:29   
14:13:29   Return code:      1
14:13:29   Raw output file:      D:\j\workspace\x86_ryujit_re---d4224ac5\bin\tests\Windows_NT.x86.Release\Reports\Interop\RefCharArray\RefCharArrayTest\RefCharArrayTest.output.txt
14:13:29   Raw output:
14:13:29   BEGIN EXECUTION
14:13:29          "D:\j\workspace\x86_ryujit_re---d4224ac5\tests\..\bin\tests\Windows_NT.x86.Release\Tests\Core_Root\corerun.exe" RefCharArrayTest.exe 
14:13:29         Beginning scenario: Pinvoke,Cdecl
14:13:29         Beginning scenario: Pinvoke,StdCall
14:13:29         Expected: 100
14:13:29         Actual: -1073741819
14:13:29         END EXECUTION - FAILED
14:13:29         FAILED
14:13:29         Test Harness Exitcode is : 1
14:13:29         
14:13:29   To run the test:
14:13:29   > set CORE_ROOT=D:\j\workspace\x86_ryujit_re---d4224ac5\bin\tests\Windows_NT.x86.Release\Tests\Core_Root
14:13:29   > D:\j\workspace\x86_ryujit_re---d4224ac5\bin\tests\Windows_NT.x86.Release\Interop\RefCharArray\RefCharArrayTest\RefCharArrayTest.cmd
14:13:29   
14:13:29         Expected: True
14:13:29         Actual:   False
14:13:29           D:\j\workspace\x86_ryujit_re---d4224ac5\bin\tests\Windows_NT.x86.Release\TestWrappers\Interop\Interop.XUnitWrapper.cs(2451,0): at Interop._RefCharArray_RefCharArrayTest_RefCharArrayTest_._RefCharArray_RefCharArrayTest_RefCharArrayTest_cmd()
14:13:29     Finished:    Regressions.XUnitWrapper
14:13:30 D:\j\workspace\x86_ryujit_re---d4224ac5\bin\tests\Windows_NT.x86.Release\TestWrappers\Interop\Interop.XUnitWrapper.cs(2520): error : Interop._RefInt_RefIntTest_RefIntTest_._RefInt_RefIntTest_RefIntTest_cmd [FAIL] [D:\j\workspace\x86_ryujit_re---d4224ac5\tests\runtest.proj]
14:13:30         
14:13:30   
14:13:30   Return code:      1
14:13:30   Raw output file:      D:\j\workspace\x86_ryujit_re---d4224ac5\bin\tests\Windows_NT.x86.Release\Reports\Interop\RefInt\RefIntTest\RefIntTest.output.txt
14:13:30   Raw output:
14:13:30   BEGIN EXECUTION
14:13:30          "D:\j\workspace\x86_ryujit_re---d4224ac5\tests\..\bin\tests\Windows_NT.x86.Release\Tests\Core_Root\corerun.exe" RefIntTest.exe 
14:13:30         Beginning scenario: PInvoke,Cdecl
14:13:30         Beginning scenario: PInvoke,Stdcall
14:13:30         Expected: 100
14:13:30         Actual: -1073741819
14:13:30         END EXECUTION - FAILED
14:13:30         FAILED
14:13:30         Test Harness Exitcode is : 1
14:13:30         
14:13:30   To run the test:
14:13:30   > set CORE_ROOT=D:\j\workspace\x86_ryujit_re---d4224ac5\bin\tests\Windows_NT.x86.Release\Tests\Core_Root
14:13:30   > D:\j\workspace\x86_ryujit_re---d4224ac5\bin\tests\Windows_NT.x86.Release\Interop\RefInt\RefIntTest\RefIntTest.cmd
14:13:30   
14:13:30         Expected: True
14:13:30         Actual:   False
14:13:30           D:\j\workspace\x86_ryujit_re---d4224ac5\bin\tests\Windows_NT.x86.Release\TestWrappers\Interop\Interop.XUnitWrapper.cs(2520,0): at Interop._RefInt_RefIntTest_RefIntTest_._RefInt_RefIntTest_RefIntTest_cmd()
14:13:30 D:\j\workspace\x86_ryujit_re---d4224ac5\bin\tests\Windows_NT.x86.Release\TestWrappers\Interop\Interop.XUnitWrapper.cs(1002): error : Interop._MarshalAPI_FunctionPointer_FunctionPtrTest_FunctionPtrTest_._MarshalAPI_FunctionPointer_FunctionPtrTest_FunctionPtrTest_cmd [FAIL] [D:\j\workspace\x86_ryujit_re---d4224ac5\tests\runtest.proj]
14:13:30         
14:13:30   
14:13:30   Return code:      1
14:13:30   Raw output file:      D:\j\workspace\x86_ryujit_re---d4224ac5\bin\tests\Windows_NT.x86.Release\Reports\Interop\MarshalAPI\FunctionPointer\FunctionPtrTest\FunctionPtrTest.output.txt
14:13:30   Raw output:
14:13:30   BEGIN EXECUTION
14:13:30          "D:\j\workspace\x86_ryujit_re---d4224ac5\tests\..\bin\tests\Windows_NT.x86.Release\Tests\Core_Root\corerun.exe" FunctionPtrTest.exe 
14:13:30         
14:13:30         Testing Marshal.GetDelegateForFunctionPointer().
14:13:30         Expected: 100
14:13:30         Actual: -1073741819
14:13:30         END EXECUTION - FAILED
14:13:30         FAILED
14:13:30         Test Harness Exitcode is : 1
14:13:30         
14:13:30   To run the test:
14:13:30   > set CORE_ROOT=D:\j\workspace\x86_ryujit_re---d4224ac5\bin\tests\Windows_NT.x86.Release\Tests\Core_Root
14:13:30   > D:\j\workspace\x86_ryujit_re---d4224ac5\bin\tests\Windows_NT.x86.Release\Interop\MarshalAPI\FunctionPointer\FunctionPtrTest\FunctionPtrTest.cmd
14:13:30   
14:13:30         Expected: True
14:13:30         Actual:   False
14:13:30           D:\j\workspace\x86_ryujit_re---d4224ac5\bin\tests\Windows_NT.x86.Release\TestWrappers\Interop\Interop.XUnitWrapper.cs(1002,0): at Interop._MarshalAPI_FunctionPointer_FunctionPtrTest_FunctionPtrTest_._MarshalAPI_FunctionPointer_FunctionPtrTest_FunctionPtrTest_cmd()
14:13:30     Finished:    Interop.XUnitWrapper
14:13:31     Discovered:  JIT.XUnitWrapper
14:13:31     Starting:    JIT.XUnitWrapper
14:13:42 D:\j\workspace\x86_ryujit_re---d4224ac5\bin\tests\Windows_NT.x86.Release\TestWrappers\JIT\JIT.XUnitWrapper.cs(390162): error : JIT._SIMD_Vector3Interop_r_Vector3Interop_r_._SIMD_Vector3Interop_r_Vector3Interop_r_cmd [FAIL] [D:\j\workspace\x86_ryujit_re---d4224ac5\tests\runtest.proj]
14:13:42         
14:13:42   
14:13:42   Return code:      1
14:13:42   Raw output file:      D:\j\workspace\x86_ryujit_re---d4224ac5\bin\tests\Windows_NT.x86.Release\Reports\JIT\SIMD\Vector3Interop_r\Vector3Interop_r.output.txt
14:13:42   Raw output:
14:13:42   BEGIN EXECUTION
14:13:42          "D:\j\workspace\x86_ryujit_re---d4224ac5\tests\..\bin\tests\Windows_NT.x86.Release\Tests\Core_Root\corerun.exe" Vector3Interop_r.exe 
14:13:42         nativeCall_PInvoke_CheckVector3Size: sizeof(Vector3) == 12
14:13:42         nativeCall_PInvoke_Vector3Arg:
14:13:42             iVal 123
14:13:42             sumOfEles(1.000000, 2.000000, 3.000000) = 6.000000
14:13:42             str  abcdefg
14:13:42             sumOfEles(10.000000, 11.000000, 12.000000) = 33.000000
14:13:42         nativeCall_PInvoke_Vector3Arg_Unix:
14:13:42             v3f32_xmm0: 1.000000 2.000000 3.000000
14:13:42             f32_xmm2 - f32_xmm7: 100.000000 101.000000 102.000000 103.000000 104.000000 105.000000
14:13:42             f32_mem0: 106.000000
14:13:42             v3f32_mem1: 10.000000 20.000000 30.000000
14:13:42             f32_mem2-3: 107.000000 108.000000
14:13:42             sum = 1002.000000
14:13:42         nativeCall_PInvoke_Vector3Arg_Unix2:
14:13:42             v3f32_xmm0: 1.000000 2.000000 3.000000
14:13:42             f32_xmm2 - f32_xmm7: 100.000000 101.000000 102.000000 103.000000 104.000000 105.000000
14:13:42             f32_mem0: 106.000000
14:13:42             v3f32_mem1: 4.000000 5.000000 6.000000
14:13:42             f32_mem2-3: 107.000000 108.000000
14:13:42             v3f32_mem4: 7.000000 8.000000 9.000000
14:13:42             f32_mem5: 109.000000
14:13:42             sum = 1090.000000
14:13:42         nativeCall_PInvoke_Vector3Ret:
14:13:42             Return value: (1.000000, 2.000000, 3.000000)
14:13:42             Sum of return scalar values = 6.000000
14:13:42         nativeCall_PInvoke_Vector3Array
14:13:42             arrEle[0]: 1.000000 2.000000 3.000000
14:13:42             arrEle[1]: 5.000000 6.000000 7.000000
14:13:42             Sum = 24.000000
14:13:42         nativeCall_PInvoke_Vector3InStruct
14:13:42             First struct memeber: (1.000000 2.000000 3.000000) -> (2.000000 3.000000 4.000000)
14:13:42             Second struct member: (5.000000 6.000000 7.000000) -> (6.000000 7.000000 8.000000)
14:13:42             Sum of all return scalar values = 30.000000
14:13:42         nativeCall_PInvoke_Vector3InComplexStruct
14:13:42             Arg ival: 99
14:13:42             Arg Vector3 v1: (1.000000 2.000000 3.000000)
14:13:42             Arg Vector3 v2: (5.000000 6.000000 7.000000)
14:13:42             Arg Vector3 v3: (10.000000 20.000000 30.000000)
14:13:42             Arg string arg: arg_string
14:13:42             Return ival: 100
14:13:42             Return Vector3 v1: (2.000000 3.000000 4.000000)
14:13:42             Return Vector3 v2: (6.000000 7.000000 8.000000)
14:13:42             Return Vector3 v3: (11.000000 21.000000 31.000000)
14:13:42             Return string arg: ret_string
14:13:42             Sum of all return float scalar values = 93.000000
14:13:42             Managed ival: 100
14:13:42             Managed Vector3 v1: (2 3 4)
14:13:42             Managed Vector3 v2: (6 7 8)
14:13:42             Managed Vector3 v3: (11 21 31)
14:13:42             Managed string arg: ret_string
14:13:42             Managed Sum = 735
14:13:42         All PInvoke testcases passed
14:13:42         Expected: 100
14:13:42         Actual: -1073741819
14:13:42         END EXECUTION - FAILED
14:13:42         FAILED
14:13:42         Test Harness Exitcode is : 1
14:13:42         
14:13:42   To run the test:
14:13:42   > set CORE_ROOT=D:\j\workspace\x86_ryujit_re---d4224ac5\bin\tests\Windows_NT.x86.Release\Tests\Core_Root
14:13:42   > D:\j\workspace\x86_ryujit_re---d4224ac5\bin\tests\Windows_NT.x86.Release\JIT\SIMD\Vector3Interop_r\Vector3Interop_r.cmd
14:13:42   
14:13:42         Expected: True
14:13:42         Actual:   False
14:13:42           D:\j\workspace\x86_ryujit_re---d4224ac5\bin\tests\Windows_NT.x86.Release\TestWrappers\JIT\JIT.XUnitWrapper.cs(390162,0): at JIT._SIMD_Vector3Interop_r_Vector3Interop_r_._SIMD_Vector3Interop_r_Vector3Interop_r_cmd()
14:15:14     Finished:    GC.XUnitWrapper
14:15:50     Finished:    Loader.XUnitWrapper
14:18:35 D:\j\workspace\x86_ryujit_re---d4224ac5\bin\tests\Windows_NT.x86.Release\TestWrappers\JIT\JIT.XUnitWrapper.cs(276381): error : JIT._Methodical_structs_systemvbringup_structinregs_structinregs_._Methodical_structs_systemvbringup_structinregs_structinregs_cmd [FAIL] [D:\j\workspace\x86_ryujit_re---d4224ac5\tests\runtest.proj]
14:18:35         
14:18:35   
14:18:35   Return code:      1
14:18:35   Raw output file:      D:\j\workspace\x86_ryujit_re---d4224ac5\bin\tests\Windows_NT.x86.Release\Reports\JIT\Methodical\structs\systemvbringup\structinregs\structinregs.output.txt
14:18:35   Raw output:
14:18:35   BEGIN EXECUTION
14:18:35          "D:\j\workspace\x86_ryujit_re---d4224ac5\tests\..\bin\tests\Windows_NT.x86.Release\Tests\Core_Root\corerun.exe" structinregs.exe 
14:18:35         From Program0:test1!
14:18:35         test1 Result: 3
14:18:35         From Program0:test2!
14:18:35         test2 Result: 3
14:18:35         From Program0:test3!
14:18:35         test3 Result: 7
14:18:35         From Program0:test4!
14:18:35         test4 Result: 11
14:18:35         From Test5 members: 10 11 12 33
14:18:35         From Test5: Res 33
14:18:35         test5 Result: 42
14:18:35         From Test6 members: 21 22
14:18:35         From Test6: Res 43
14:18:35         test6 Result: 57
14:18:35         From Test7 members: 21 22
14:18:35         From Test7: Res 43
14:18:35         test7Result: 57
14:18:35         Foo2:Foo2:Foo2!!!
14:18:35         t13Res: 333
14:18:35         test13 Result: 333
14:18:35         t14 Res: 444
14:18:35         test14 Result: 444
14:18:35         t10 Res: True, 7
14:18:35         test10 Result: 15
14:18:35         t11 Res: 78, 87
14:18:35         test11 Result: 165
14:18:35         t12Res: 101
14:18:35         test12 Result: 101
14:18:35         test1: 36
14:18:35         test1 Result: 36
14:18:35         test2: 19
14:18:35         test2 Result: 19
14:18:35         test3: structinreg.Foo2 structinreg.Foo2 structinreg.Foo2 structinreg.Foo2
14:18:35         test3 Result: 10
14:18:35         test4 Res: 300
14:18:35         test4 Result: 300
14:18:35         test5 Res: 10
14:18:35         test5 Result: 10
14:18:35         t7 Res: 130
14:18:35         test7 Result: 130
14:18:35         t15 Res: 136
14:18:35         test15 Result: 136
14:18:35         test1Res: 36
14:18:35         test1 Result: 36
14:18:35         test2Res: 19
14:18:35         test2 Result: 19
14:18:35         test3Res: System.Object System.Object System.Object System.Object
14:18:35         test3 Result: 164711009
14:18:35         test4Res: 3
14:18:35         test4 Result: 300
14:18:35         test5Res: 36
14:18:35         Expected: 100
14:18:35         Actual: -1073741819
14:18:35         END EXECUTION - FAILED
14:18:35         FAILED
14:18:35         Test Harness Exitcode is : 1
14:18:35         
14:18:35   To run the test:
14:18:35   > set CORE_ROOT=D:\j\workspace\x86_ryujit_re---d4224ac5\bin\tests\Windows_NT.x86.Release\Tests\Core_Root
14:18:35   > D:\j\workspace\x86_ryujit_re---d4224ac5\bin\tests\Windows_NT.x86.Release\JIT\Methodical\structs\systemvbringup\structinregs\structinregs.cmd
14:18:35   
14:18:35         Expected: True
14:18:35         Actual:   False
14:18:35           D:\j\workspace\x86_ryujit_re---d4224ac5\bin\tests\Windows_NT.x86.Release\TestWrappers\JIT\JIT.XUnitWrapper.cs(276381,0): at JIT._Methodical_structs_systemvbringup_structinregs_structinregs_._Methodical_structs_systemvbringup_structinregs_structinregs_cmd()
14:21:22 D:\j\workspace\x86_ryujit_re---d4224ac5\bin\tests\Windows_NT.x86.Release\TestWrappers\JIT\JIT.XUnitWrapper.cs(390093): error : JIT._SIMD_Vector3Interop_ro_Vector3Interop_ro_._SIMD_Vector3Interop_ro_Vector3Interop_ro_cmd [FAIL] [D:\j\workspace\x86_ryujit_re---d4224ac5\tests\runtest.proj]
14:21:22         
14:21:22   
14:21:22   Return code:      1
14:21:22   Raw output file:      D:\j\workspace\x86_ryujit_re---d4224ac5\bin\tests\Windows_NT.x86.Release\Reports\JIT\SIMD\Vector3Interop_ro\Vector3Interop_ro.output.txt
14:21:22   Raw output:
14:21:22   BEGIN EXECUTION
14:21:22          "D:\j\workspace\x86_ryujit_re---d4224ac5\tests\..\bin\tests\Windows_NT.x86.Release\Tests\Core_Root\corerun.exe" Vector3Interop_ro.exe 
14:21:22         nativeCall_PInvoke_CheckVector3Size: sizeof(Vector3) == 12
14:21:22         nativeCall_PInvoke_Vector3Arg:
14:21:22             iVal 123
14:21:22             sumOfEles(1.000000, 2.000000, 3.000000) = 6.000000
14:21:22             str  abcdefg
14:21:22             sumOfEles(10.000000, 11.000000, 12.000000) = 33.000000
14:21:22         nativeCall_PInvoke_Vector3Arg_Unix:
14:21:22             v3f32_xmm0: 1.000000 2.000000 3.000000
14:21:22             f32_xmm2 - f32_xmm7: 100.000000 101.000000 102.000000 103.000000 104.000000 105.000000
14:21:22             f32_mem0: 106.000000
14:21:22             v3f32_mem1: 10.000000 20.000000 30.000000
14:21:22             f32_mem2-3: 107.000000 108.000000
14:21:22             sum = 1002.000000
14:21:22         nativeCall_PInvoke_Vector3Arg_Unix2:
14:21:22             v3f32_xmm0: 1.000000 2.000000 3.000000
14:21:22             f32_xmm2 - f32_xmm7: 100.000000 101.000000 102.000000 103.000000 104.000000 105.000000
14:21:22             f32_mem0: 106.000000
14:21:22             v3f32_mem1: 4.000000 5.000000 6.000000
14:21:22             f32_mem2-3: 107.000000 108.000000
14:21:22             v3f32_mem4: 7.000000 8.000000 9.000000
14:21:22             f32_mem5: 109.000000
14:21:22             sum = 1090.000000
14:21:22         nativeCall_PInvoke_Vector3Ret:
14:21:22             Return value: (1.000000, 2.000000, 3.000000)
14:21:22             Sum of return scalar values = 6.000000
14:21:22         nativeCall_PInvoke_Vector3Array
14:21:22             arrEle[0]: 1.000000 2.000000 3.000000
14:21:22             arrEle[1]: 5.000000 6.000000 7.000000
14:21:22             Sum = 24.000000
14:21:22         nativeCall_PInvoke_Vector3InStruct
14:21:22             First struct memeber: (1.000000 2.000000 3.000000) -> (2.000000 3.000000 4.000000)
14:21:22             Second struct member: (5.000000 6.000000 7.000000) -> (6.000000 7.000000 8.000000)
14:21:22             Sum of all return scalar values = 30.000000
14:21:22         nativeCall_PInvoke_Vector3InComplexStruct
14:21:22             Arg ival: 99
14:21:22             Arg Vector3 v1: (1.000000 2.000000 3.000000)
14:21:22             Arg Vector3 v2: (5.000000 6.000000 7.000000)
14:21:22             Arg Vector3 v3: (10.000000 20.000000 30.000000)
14:21:22             Arg string arg: arg_string
14:21:22             Return ival: 100
14:21:22             Return Vector3 v1: (2.000000 3.000000 4.000000)
14:21:22             Return Vector3 v2: (6.000000 7.000000 8.000000)
14:21:22             Return Vector3 v3: (11.000000 21.000000 31.000000)
14:21:22             Return string arg: ret_string
14:21:22             Sum of all return float scalar values = 93.000000
14:21:22             Managed ival: 100
14:21:22             Managed Vector3 v1: (2 3 4)
14:21:22             Managed Vector3 v2: (6 7 8)
14:21:22             Managed Vector3 v3: (11 21 31)
14:21:22             Managed string arg: ret_string
14:21:22             Managed Sum = 735
14:21:22         All PInvoke testcases passed
14:21:22         Expected: 100
14:21:22         Actual: -1073741819
14:21:22         END EXECUTION - FAILED
14:21:22         FAILED
14:21:22         Test Harness Exitcode is : 1
14:21:22         
14:21:22   To run the test:
14:21:22   > set CORE_ROOT=D:\j\workspace\x86_ryujit_re---d4224ac5\bin\tests\Windows_NT.x86.Release\Tests\Core_Root
14:21:22   > D:\j\workspace\x86_ryujit_re---d4224ac5\bin\tests\Windows_NT.x86.Release\JIT\SIMD\Vector3Interop_ro\Vector3Interop_ro.cmd
14:21:22   
14:21:22         Expected: True
14:21:22         Actual:   False
14:21:22           D:\j\workspace\x86_ryujit_re---d4224ac5\bin\tests\Windows_NT.x86.Release\TestWrappers\JIT\JIT.XUnitWrapper.cs(390093,0): at JIT._SIMD_Vector3Interop_ro_Vector3Interop_ro_._SIMD_Vector3Interop_ro_Vector3Interop_ro_cmd()
```

**Comment by BruceForstall** [comment]
This was opened as a RyuJIT x86 issue, but is an issue only in the VM.

The cause is silent bad code generation in VM executable code generated by the Visual C++ compiler for x86 release builds.

Details below:
```





C:\Program Files (x86)\Microsoft Visual Studio 14.0>cl /Bv
Microsoft (R) C/C++ Optimizing Compiler Version 19.00.24215.1 for x86
Copyright (C) Microsoft Corporation.  All rights reserved.

Compiler Passes:
 C:\Program Files (x86)\Microsoft Visual Studio 14.0\VC\BIN\cl.exe:        Version 19.00.24215.1
 C:\Program Files (x86)\Microsoft Visual Studio 14.0\VC\BIN\c1.dll:        Version 19.00.24215.1
 C:\Program Files (x86)\Microsoft Visual Studio 14.0\VC\BIN\c1xx.dll:      Version 19.00.24215.1
 C:\Program Files (x86)\Microsoft Visual Studio 14.0\VC\BIN\c2.dll:        Version 19.00.24215.1
 C:\Program Files (x86)\Microsoft Visual Studio 14.0\VC\BIN\link.exe:      Version 14.00.24215.1
 C:\Program Files (x86)\Microsoft Visual Studio 14.0\VC\BIN\mspdb140.dll:  Version 14.00.24210.0
 C:\Program Files (x86)\Microsoft Visual Studio 14.0\VC\BIN\1033\clui.dll: Version 19.00.24215.1


In src\vm\dllimportcallback.cpp, UMThunkMarshInfo::RunTimeInit():
 
#if defined(DEBUGGING_SUPPORTED)
        if (GetDebuggerCompileFlags(GetModule(), CORJIT_FLAGS()).IsSet(CORJIT_FLAGS::CORJIT_FLAG_DEBUG_CODE))
        {
            dwStubFlags |= NDIRECTSTUB_FL_GENERATEDEBUGGABLEIL;
        }
#endif // DEBUGGING_SUPPORTED
 
        pFinalILStub = GetStubForInteropMethod(pMD, dwStubFlags, &pStubMD); // pStubMD is a local variable defined "MethodDesc* pStubMD = NULL;"
 
(DEBUGGING_SUPPORTED is defined)
 
Types:
 
CORJIT_FLAGS is a class with a single private "unsigned __int64" member.
 
Prototypes:
 
CORJIT_FLAGS GetDebuggerCompileFlags(Module* pModule, CORJIT_FLAGS flags)
 
bool CORJIT_FLAGS::IsSet(CorJitFlag flag) const // CorJitFlag is an enum
 
PCODE GetStubForInteropMethod(MethodDesc* pMD, DWORD dwStubFlags, MethodDesc **ppStubMD)
 
The generated code in RunTimeInit():
 
0f1852f4 6a02            push    2   // This is CORJIT_FLAGS::CORJIT_FLAG_DEBUG_CODE for the subsequent call to IsSet()
0f1852f6 51              push    ecx // Making space on stack
0f1852f7 51              push    ecx // Making space on stack
0f1852f8 8bc4            mov     eax,esp // point to new 8-byte space on stack
0f1852fa 8930            mov     dword ptr [eax],esi    // zero new 8-byte space
0f1852fc 897004          mov     dword ptr [eax+4],esi  // ... on stack
0f1852ff 8b5314          mov     edx,dword ptr [ebx+14h] // load Module* (result of GetModule())
0f185302 8d4df0          lea     ecx,[ebp-10h]           // return buffer pointer for CORJIT_FLAGS return
0f185305 e83dc20400      call    CoreCLR!GetDebuggerCompileFlags (0f1d1547)
 
When CoreCLR!GetDebuggerCompileFlags is entered:
 
eax=02e3e1e4 ebx=0320d820 ecx=02e3e2b0 edx=0301411c esi=00000000 edi=0301bd58
eip=0f1d1547 esp=02e3e1e0 ebp=02e3e2c0 iopl=0         nv up ei pl zr na pe nc
cs=0023  ss=002b  ds=002b  es=002b  fs=0053  gs=002b             efl=00000246
CoreCLR!GetDebuggerCompileFlags:
0f1d1547 55              push    ebp
0:000> dd @esp
02e3e1e0  0f18530a 00000000 00000000 00000002
// stack: return addr, zeroed CORJIT_FLAGS, 2 for CORJIT_FLAGS::CORJIT_FLAG_DEBUG_CODE, for the subsequent call to IsSet()
 
After CoreCLR!GetDebuggerCompileFlags returns:
 
eax=02e3e2b0 ebx=0320d820 ecx=02e3e1e4 edx=00000000 esi=00000000 edi=0301bd58
eip=0f18530a esp=02e3e1ec ebp=02e3e2c0 iopl=0         nv up ei pl zr na pe nc
cs=0023  ss=002b  ds=002b  es=002b  fs=0053  gs=002b             efl=00000246
CoreCLR!UMThunkMarshInfo::RunTimeInit+0x4d:
0f18530a 8d4dfc          lea     ecx,[ebp-4]
0:000> dd @esp
02e3e1ec  00000002 02e3e378 030034b8 031ec6b0
// stack still has 2 for CORJIT_FLAGS::CORJIT_FLAG_DEBUG_CODE
 
0f18530a 8d4dfc          lea     ecx,[ebp-4] // load &pStubMD
0f18530d 51              push    ecx // push &pStubMD for the subsequent call to CoreCLR!GetStubForInteropMethod
0f18530e 8bc8            mov     ecx,eax // ecx = 'this' pointer for CORJIT_FLAGS == return buffer from CoreCLR!GetDebuggerCompileFlags
0f185310 e88e030000      call    CoreCLR!CORJIT_FLAGS::IsSet (0f1856a3)
 
When CoreCLR!CORJIT_FLAGS::IsSet is entered:
 
eax=02e3e2b0 ebx=0320d820 ecx=02e3e2b0 edx=00000000 esi=00000000 edi=0301bd58
eip=0f1856a3 esp=02e3e1e4 ebp=02e3e2c0 iopl=0         nv up ei pl zr na pe nc
cs=0023  ss=002b  ds=002b  es=002b  fs=0053  gs=002b             efl=00000246
CoreCLR!CORJIT_FLAGS::IsSet:
0f1856a3 55              push    ebp
0:000> dd @esp
02e3e1e4  0f185315 02e3e2bc 00000002 02e3e378
// stack: 0f185315 == return address
//        02e3e2bc == &pStubMD, an argument to CoreCLR!GetStubForInteropMethod
//        00000002 == the CORJIT_FLAGS::CORJIT_FLAG_DEBUG_CODE argument to IsSet.
//              *** the two arguments here are swapped! ***
 
0f185315 6a58            push    58h
0f185317 59              pop     ecx
0f185318 84c0            test    al,al
0f18531a ba58020000      mov     edx,258h
0f18531f 0f44d1          cmove   edx,ecx
0f185322 8bcf            mov     ecx,edi
0f185324 e850090300      call    CoreCLR!GetStubForInteropMethod (0f1b5c79)
 
Thus, when we get to CoreCLR!GetStubForInteropMethod, we have:
 
eax=02e3e200 ebx=0320d820 ecx=0301bd58 edx=00000058 esi=00000000 edi=0301bd58
eip=0f1b5c79 esp=02e3e1e8 ebp=02e3e2c0 iopl=0         nv up ei pl zr na pe nc
cs=0023  ss=002b  ds=002b  es=002b  fs=0053  gs=002b             efl=00000246
CoreCLR!GetStubForInteropMethod:
0f1b5c79 55              push    ebp
0:000> dd @esp
02e3e1e8  0f185329 00000002 02e3e378 030034b8
// stack: return address, and 2, which is supposed to be &pStubMD.
// Later, we try to store to that address, we crash.

When I change the code to:
 
#if defined(DEBUGGING_SUPPORTED)
        // Combining the next two lines, and eliminating jitDebuggerFlags, led to bad codegen in VC++ 19.00.24215.1 Release builds.
        CORJIT_FLAGS jitDebuggerFlags = GetDebuggerCompileFlags(GetModule(), CORJIT_FLAGS());
        if (jitDebuggerFlags.IsSet(CORJIT_FLAGS::CORJIT_FLAG_DEBUG_CODE))
        {
            dwStubFlags |= NDIRECTSTUB_FL_GENERATEDEBUGGABLEIL;
        }
#endif // DEBUGGING_SUPPORTED
 
        pFinalILStub = GetStubForInteropMethod(pMD, dwStubFlags, &pStubMD);
 
 
The generated code is:
 
0fc652f4 6a58            push    58h
0fc652f6 5f              pop     edi
0fc652f7 51              push    ecx
0fc652f8 51              push    ecx
0fc652f9 8bc4            mov     eax,esp
0fc652fb 8930            mov     dword ptr [eax],esi
0fc652fd 897004          mov     dword ptr [eax+4],esi
0fc65300 8b5314          mov     edx,dword ptr [ebx+14h]
0fc65303 8d4df0          lea     ecx,[ebp-10h]
0fc65306 e83cc20400      call    CoreCLR!GetDebuggerCompileFlags (0fcb1547)
0fc6530b 6a02            push    2
0fc6530d 8d4df0          lea     ecx,[ebp-10h]
0fc65310 e894030000      call    CoreCLR!CORJIT_FLAGS::IsSet (0fc656a9)
0fc65315 84c0            test    al,al
0fc65317 b958020000      mov     ecx,258h
0fc6531c 8d45fc          lea     eax,[ebp-4]
0fc6531f 0f45f9          cmovne  edi,ecx
0fc65322 8bd7            mov     edx,edi
0fc65324 8b7dec          mov     edi,dword ptr [ebp-14h]
0fc65327 50              push    eax
0fc65328 8bcf            mov     ecx,edi
0fc6532a e84a090300      call    CoreCLR!GetStubForInteropMethod (0fc95c79)

Which works: the correct arguments are passed to each function.
```
