### ISSUE TITLE
[x86/Linux] Unit test Interop FunctionPtrTest failes with SIGSEGV

### ISSUE THREAD

**Issue by seanshpark** [dotnet/coreclr#9357]
Interop.MarshalAPI.FunctionPointer.FunctionPtrTest.FunctionPtrTest fails with Segment fault.
Fail is when Native calls Managed and in returning.
```
extern "C" DLL_EXPORT bool __cdecl CheckFcnPtr(bool(__stdcall *fcnptr)(__int64))
{
...
    else
    {
        return fcnptr(999999999999);
    }
}
```
`fcnptr()` is `__stdcall` so above code is generated as
```
   0xb7fc0db8 <CheckFcnPtr(bool (*)(long long))+152>:	8b 4d f0	mov    -0x10(%ebp),%ecx
   0xb7fc0dbb <CheckFcnPtr(bool (*)(long long))+155>:	89 e3	mov    %esp,%ebx
   0xb7fc0dbd <CheckFcnPtr(bool (*)(long long))+157>:	c7 43 04 e8 00 00 00	movl   $0xe8,0x4(%ebx)
   0xb7fc0dc4 <CheckFcnPtr(bool (*)(long long))+164>:	c7 03 ff 0f a5 d4	movl   $0xd4a50fff,(%ebx)
   0xb7fc0dca <CheckFcnPtr(bool (*)(long long))+170>:	8b 5d e8	mov    -0x18(%ebp),%ebx
=> 0xb7fc0dcd <CheckFcnPtr(bool (*)(long long))+173>:	89 45 d4	mov    %eax,-0x2c(%ebp)
   0xb7fc0dd0 <CheckFcnPtr(bool (*)(long long))+176>:	ff d1	call   *%ecx
   0xb7fc0dd2 <CheckFcnPtr(bool (*)(long long))+178>:	83 ec 08	sub    $0x8,%esp
```
With GDB, after and before `ESP` of `call   *%ecx` has same  value but as it is `__stdcall` it shouldn't be.
`fcnptr` is passed from Managed as
```
fcnptr = Marshal.GetFunctionPointerForDelegate<DelegateWithLong>(del);
```
This code needs some investigation.

**Comment by seanshpark** [comment]
CC @parjong, @wateret

**Comment by seanshpark** [comment]
Function that was last called(or jumped) and returned to `CheckFcnPtr` was `UMThunkStub`. 
Current implementation is just fixed "ret" and without any callee pop.
With `UMThunkMarshInfo__m_cbActualArgSize` value I could do some test with this code.
```
    mov     ecx, dword ptr [ebp - UMThunkStub_UMENTRYTHUNK_OFFSET]
    mov     edx, dword ptr [ecx + UMEntryThunk__m_pUMThunkMarshInfo]
    mov     edx, dword ptr [edx + UMThunkMarshInfo__m_cbActualArgSize]

    EPILOG_BEG
    EPILOG_POP edi
    EPILOG_POP esi
    EPILOG_POP ebx
    EPILOG_END

    pop     ecx  // pop return address
    add     esp, edx // adjust ESP
    jmp     ecx // return to caller
```

With this patch `CheckFcnPtr` was OK when returned from Managed code but method that return the value was not correct.
```
    public static bool Method(long l)
    {
        if (l != 999999999999)
            return false;
        else
            return true;
    }
```

This method JITted to code when receivomg parameters `long l` as not ECX, EDX but the stack. 
```
G_M30643_IG03:
       90           nop      
       8B4508       mov      eax, dword ptr [ebp+08H]
       8B550C       mov      edx, dword ptr [ebp+0CH]
       B9FF0FA5D4   mov      ecx, 0xD4A50FFF
       BEE8000000   mov      esi, 232
       3BD6         cmp      edx, esi
       7502         jne      SHORT G_M30643_IG04
       3BC1         cmp      eax, ecx
```

I think I missed something with the `UMThunkStub` when I added this code. 

And while looking this code again, there as some fix needed for 16 byte stack alignment.

**Comment by seanshpark** [comment]
@jkotas , @janvorli , In this case, Managed method to reverse p-invoke has `long` parameter, which is 64 bit and I think it should be passed through the stack. If I'm not correct please let me know. For this case is there any information to handle for this case with `UMEntryThunk` in `UMThunkStub`?

**Comment by seanshpark** [comment]
CC @Dmitri-Botcharnikov , @lucenticus

**Comment by seanshpark** [comment]
UMThunkStub seems that it should handle calling convention when returning to that of Managed method does. If the Managed method is declared as fastcall or stdcall, it should clean the stack - `FunctionPtrTest`. If cdecl then just return - `CharMinValue`.

**Comment by janvorli** [comment]
@seanshpark managed methods are always fastcall, so I am not sure I understand your comment.

**Comment by seanshpark** [comment]
I also am not sure but I think I got what is going on.
With the first test case, `CharMinValue`, that I used was using ECX and EDX to pass the parameter so did not use any stacks and there was no stack cleaning when returning. With the `FunctionPtrTest` as it needs to pass long, 64 bit parameter, it used two stack slots. And for this it needed to clean the stack. Thus UMThunkStub needs a fix.
So the question would be, how do we know how many should go through the stack?

**Comment by janvorli** [comment]
@seanshpark when the native code calls the fcnptr, it first calls a stub that jumps to the TheUMEntryPrestub. I wonder if the stub we generate is correct. Can you disassemble the stub, please?

**Comment by seanshpark** [comment]
Stub called from fcnptr looks like this
```
(gdb) x/10i 0xb7fc964a
=> 0xb7fc964a:	mov    $0xb7fc9630,%eax
   0xb7fc964f:	jmp    0xb70dcc78 <TheUMEntryPrestub>
   0xb7fc9654:	and    $0x0,%al
   0xb7fc9656:	add    %al,(%eax)
   0xb7fc9658:	add    %eax,(%eax)
   0xb7fc965a:	add    %al,(%eax)
   0xb7fc965c:	inc    %esp
   0xb7fc965d:	call   0xbcd04dee
   0xb7fc9662:	add    %al,(%eax)
   0xb7fc9664:	add    %al,(%eax)
(gdb) x/10x 0xb7fc9654
0xb7fc9654:	0x00000024	0x00000001	0xb78ce844	0x000004d3
0xb7fc9664:	0x00000000	0x00000000	0x00000000	0x00000000
0xb7fc9674:	0x00000000	0x00000000
```

**Comment by jkotas** [comment]
The Linux x86 version of UMThunkStub is hardwired to cdecl callconvention. It always uses `ret` to return: https://github.com/dotnet/coreclr/blob/master/src/vm/i386/umthunkstub.S#L110

The Windows version of the stub is dynamically generated and uses `ret N` to return: https://github.com/dotnet/coreclr/blob/ec17ff6bcd252867e3cd40b630e559f6cfb38b36/src/vm/dllimportcallback.cpp#L755

**Comment by jkotas** [comment]
> So the question would be, how do we know how many should go through the stack?

Store it in something like `UMEntryThunk::m_pUMThunkMarshInfo->m_cbRetPop`?

**Comment by seanshpark** [comment]
@jkotas, thank you so much!

**Comment by janvorli** [comment]
Cannot we just derive that from UMThunkMarshInfo::m_cbActualArgSize that we already have there? We use that for copying the stack arguments. The value is a sum of sizes of register arguments and stack arguments. So subtracting 8 from that gives you the size of stack arguments (if the result is larger than zero). Am I missing something?

**Comment by parjong** [comment]
@janvorli It seems that arguments of long type should be pushed onto stack according to x86 ABI, and thus the actual bytes of stack arguments and ``UMThunkMarshInfo::m_cbActualArgSize - 8`` may differ.

**Comment by seanshpark** [comment]
When the managed code parameter is a long (64bit) type as in the code above
```
public static bool Method(long l)
```
then this is passed to the stack not ECX+EDX, I think, by the generated code.
```
89 e3	mov    %esp,%ebx
c7 43 04 e8 00 00 00	movl   $0xe8,0x4(%ebx)
c7 03 ff 0f a5 d4	movl   $0xd4a50fff,(%ebx)
```
In this case we should not subtract 8.
But I don't know if there is already existing flag for this case, and if not it should be added somehow.

**Comment by janvorli** [comment]
@seanshpark ok, but then the stack argument copying code that we have in the UMThunkStub is incorrect too. It assumes that the ECX and EDX are always used for the first two argument slots: https://github.com/dotnet/coreclr/blob/master/src/vm/i386/umthunkstub.S#L141
So it seems that instead of adding m_cbRetPop to the UMThunkMarshInfo, we can add the count of argument registers (or size of args in argument registers). But both what @jkotas suggested and this one would work.

**Comment by janvorli** [comment]
Actually, I have just found that the m_cbRetPop is already in the struct for x86 windows, so reusing that would be probably cleaner.

**Comment by seanshpark** [comment]
>  we have in the UMThunkStub is incorrect too

Yes, it sure needs fix. 

> we can add the count of argument registers (or size of args in argument registers)

I need to check how this can be.

>  I have just found that the m_cbRetPop is already in the struct for x86 windows,

Thank you! I hope I understand what you guys are thinking.

**Comment by janvorli** [comment]
@seanshpark I was trying to say that the m_cbActualArgSize is a size of all arguments, including the arguments in registers (if any). The m_cbRetPop would be the size of only those arguments that are passed on stack. So, the difference between the m_cbRetPop and the m_cbActualArgSize represents the size of the arguments passed in registers. If it is 4, we have one argument in ECX. If it is 8, we have one in ECX and one in EDX. Does it make sense?
However, there are more complications. If you have e.g. a function `static void Test(int a, long b, int c)`, then `a` is passed in ECX, `b` on stack and `c` in EDX! Or, if you have `static void Test2(long a, long b, long c, long d, long e, int f)`, then parameters `a, b, c, d, e` are passed on stack and `f` in ECX.
So, we have two options here. We can teach JIT to generate functions with __stdcall calling convention and then the IL thunk that the native code calls would be JITted with __stdcall and call the target function with the default CLR calling convention. Then the UMThunkStub would not need to care about parameters in registers, since there would be none. Or, we can store additional information in the UMThunkMarshInfo to describe which arguments are passed in registers. E.g. as two offsets of the arguments that are going to be placed to ECX and EDX.

**Comment by seanshpark** [comment]
> However, there are more complications. ....

Thank you for long explanation. You are so kind :) . I was afraid of these argument passing methods. I think I may need to reschedule this issue as there are other higher priority and may take a while to solve this for me or maybe other guys who are willing can take over.
